[00:43:48:832] IssuerTransaction.run(51) issuer class name : com.sil.npci.issuer.QuickEMVPurchase
[00:43:48:833] IssuerTransaction.run(53) issuerRequest : 
-----------------------------------------------------------------------------------------------------------------------
|000 : '0200'                                              |002 : '6677880000000004'                                  |
|003 : '001000'                                            |004 : '000000060000'                                      |
|007 : '0601191348'                                        |011 : '000477'                                            |
|012 : '004348'                                            |013 : '0602'                                              |
|018 : '5999'                                              |019 : '356'                                               |
|022 : '051'                                               |023 : '001'                                               |
|025 : '00'                                                |032 : '720001'                                            |
|035 : '6677880000000004=0327620623000000000'              |037 : '815300000477'                                      |
|040 : '620'                                               |041 : 'TEST1234'                                          |
|042 : 'TEST12345678901'                                   |043 : 'RUPAY TEST SIMULATOR   MUMBAI       MHIN'          |
|048 : '051005POS0105800500030'                            |049 : '356'                                               |
|052 : 'D28E037295AAD54D'                                  |055 : '5F2A020356820238008407A00000052410109A031709119C01099F02060000000310009F03060000000300009F090200649F1A0203569F1E08303030314D5836359F10080105A080010400009F2608752A16E8DF823BBB9F2701809F3303E0F0C89F34030200009F3501229F360200199F370451997DC19F410400013414950500000480009F0702AB80|
|061 : '421112321039000452012AVENUE SUPERMART IND'         |                                                          |
-----------------------------------------------------------------------------------------------------------------------

[00:43:48:840] SILCBSConnector.send(35) {
  "mti": "0200",
  "pan": "6677880000000004",
  "pcode": "001000",
  "amount": "000000060000",
  "de7": "0601191348",
  "stan": "000477",
  "time": "004348",
  "day": "0602",
  "countrycode": "356",
  "acqid": "720001",
  "rrn": "815300000477",
  "tid": "TEST1234",
  "currencycode": "356",
  "account": "0002SB    00079250"
}
[00:43:48:840] SILCBSConnector.send(51) cbs request : 
-----------------------------------------------------------------------------------------------------------------------
|000 : '0200'                                              |002 : '6677880000000004'                                  |
|003 : '001000'                                            |004 : '000000060000'                                      |
|011 : '000477'                                            |012 : '004348'                                            |
|013 : '0602'                                              |019 : '356'                                               |
|032 : '720001'                                            |037 : '815300000477'                                      |
|041 : 'TEST1234'                                          |049 : '356'                                               |
|102 : '0002SB    00079250'                                |                                                          |
-----------------------------------------------------------------------------------------------------------------------

[00:43:48:843] SILCBSConnector.send(58) cbs request : 30313530303230304630333832303031303838303830303030303030303030303034303030303030313636363737383830303030303030303034303031303030303030303030303630303030303030343737303034333438303630323335363036373230303031383135333030303030343737544553543132333420202020202020203335363138303030325342202020203030303739323530
[00:45:28:845] SILCBSConnector.send(77) null or invalid cbs response : Read timed out
[00:45:28:850] IssuerTransaction.run(60) issuerResponse : 008330323130723820010A8180003136363637373838303030303030303030343030313030303030303030303036303030303036303131393133343830303034373730303433343830363032333536303637323030303138313533303030303034373739315445535431323334303138303531303035504F5330313035343030314D333536
[00:45:28:852] IssuerTransaction.run(64) issuerResponse : 
-----------------------------------------------------------------------------------------------------------------------
|000 : '0210'                                              |002 : '6677880000000004'                                  |
|003 : '001000'                                            |004 : '000000060000'                                      |
|007 : '0601191348'                                        |011 : '000477'                                            |
|012 : '004348'                                            |013 : '0602'                                              |
|019 : '356'                                               |032 : '720001'                                            |
|037 : '815300000477'                                      |039 : '91'                                                |
|041 : 'TEST1234'                                          |048 : '051005POS01054001M'                                |
|049 : '356'                                               |                                                          |
-----------------------------------------------------------------------------------------------------------------------

[00:45:28:853] IssuerTransaction.run(65) transaction completed successfully.
