[12:50:43:599] Thread-6 IssuerTransaction.run(51) issuer class name : com.sil.npci.issuer.FullMagstripePurchase
[12:50:43:600] Thread-6 IssuerTransaction.run(53) issuerRequest : 
-----------------------------------------------------------------------------------------------------------------------
|000 : '0200'                                              |002 : '6077990020000011'                                  |
|003 : '000000'                                            |004 : '000000060000'                                      |
|007 : '0611072043'                                        |011 : '000001'                                            |
|012 : '125043'                                            |013 : '0611'                                              |
|018 : '5999'                                              |019 : '356'                                               |
|022 : '901'                                               |025 : '00'                                                |
|032 : '720001'                                            |035 : '6077990020000011=20052056500000000'                |
|037 : '816212000001'                                      |040 : '205'                                               |
|041 : 'TEST1234'                                          |042 : 'TEST12345678901'                                   |
|043 : 'RUPAY TEST SIMULATOR   MUMBAI       MHIN'          |048 : '051005POS0105800500030'                            |
|049 : '356'                                               |052 : '34B5B7BA523674A0'                                  |
|061 : '420012220039000452012AVENUE SUPERMART IND'         |                                                          |
-----------------------------------------------------------------------------------------------------------------------

[12:50:43:603] Thread-6 SILCBSConnector.send(35) {
  "mti": "0200",
  "pan": "6077990020000011",
  "pcode": "000000",
  "amount": "000000060000",
  "de7": "0611072043",
  "stan": "000001",
  "time": "125043",
  "day": "0611",
  "countrycode": "356",
  "acqid": "720001",
  "rrn": "816212000001",
  "tid": "TEST1234",
  "currencycode": "356",
  "account": "0002SB    00079250"
}
[12:50:43:603] Thread-6 SILCBSConnector.send(51) cbs request : 
-----------------------------------------------------------------------------------------------------------------------
|000 : '0200'                                              |002 : '6077990020000011'                                  |
|003 : '000000'                                            |004 : '000000060000'                                      |
|011 : '000001'                                            |012 : '125043'                                            |
|013 : '0611'                                              |019 : '356'                                               |
|032 : '720001'                                            |037 : '816212000001'                                      |
|041 : 'TEST1234'                                          |049 : '356'                                               |
|102 : '0002SB    00079250'                                |                                                          |
-----------------------------------------------------------------------------------------------------------------------

[12:50:43:619] Thread-6 SILCBSConnector.send(58) cbs request : 30313530303230304630333832303031303838303830303030303030303030303034303030303030313636303737393930303230303030303131303030303030303030303030303630303030303030303031313235303433303631313335363036373230303031383136323132303030303031544553543132333420202020202020203335363138303030325342202020203030303739323530
[12:50:48:080] Thread-6 SILCBSConnector.send(68) cbs response : 303231304630333832303031304538303834303030303030303030303034303030303030313636303737393930303230303030303131303030303030303030303030303630303030303030303031313235303433303631313335363036373230303031383136323132303030303031303032393639303054455354313233342020202020202020333536303430313030313335364330303030393335333337363031303032333536433030303039333533333736303138303030325342202020203030303739323530
[12:50:48:080] SILCBSConnector.send(70) 
-----------------------------------------------------------------------------------------------------------------------
|000 : '0210'                                              |002 : '6077990020000011'                                  |
|003 : '000000'                                            |004 : '000000060000'                                      |
|011 : '000001'                                            |012 : '125043'                                            |
|013 : '0611'                                              |019 : '356'                                               |
|032 : '720001'                                            |037 : '816212000001'                                      |
|038 : '002969'                                            |039 : '00'                                                |
|041 : 'TEST1234        '                                  |049 : '356'                                               |
|054 : '1001356C0000935337601002356C000093533760'          |102 : '0002SB    00079250'                                |
-----------------------------------------------------------------------------------------------------------------------

[12:50:48:082] Thread-6 SILCBSConnector.send(75) {
  "authcode": "002969",
  "responsecode": "00",
  "balance": 0.0
}
[12:50:48:087] Thread-6 IssuerTransaction.run(60) issuerResponse : 00A530323130F23820010E81800000000000040000003136363037373939303032303030303031313030303030303030303030303036303030303036313130373230343330303030303131323530343330363131333536303637323030303138313632313230303030303130303239363930305445535431323334303138303531303035504F5330313035343030314D3335363138303030325342202020203030303739323530
[12:50:48:087] Thread-6 IssuerTransaction.run(64) issuerResponse : 
-----------------------------------------------------------------------------------------------------------------------
|000 : '0210'                                              |002 : '6077990020000011'                                  |
|003 : '000000'                                            |004 : '000000060000'                                      |
|007 : '0611072043'                                        |011 : '000001'                                            |
|012 : '125043'                                            |013 : '0611'                                              |
|019 : '356'                                               |032 : '720001'                                            |
|037 : '816212000001'                                      |038 : '002969'                                            |
|039 : '00'                                                |041 : 'TEST1234'                                          |
|048 : '051005POS01054001M'                                |049 : '356'                                               |
|102 : '0002SB    00079250'                                |                                                          |
-----------------------------------------------------------------------------------------------------------------------

[12:50:48:088] Thread-6 IssuerTransaction.run(65) transaction completed successfully.
