[12:39:29:408] Thread-146 IssuerTransaction.run(51) issuer class name : com.sil.npci.issuer.FullMagstripePurchase
[12:39:29:408] Thread-146 IssuerTransaction.run(53) issuerRequest : 
-----------------------------------------------------------------------------------------------------------------------
|000 : '0200'                                              |002 : '6677880000000004'                                  |
|003 : '000000'                                            |004 : '000000060000'                                      |
|007 : '0608070929'                                        |011 : '000006'                                            |
|012 : '123929'                                            |013 : '0608'                                              |
|018 : '5999'                                              |019 : '356'                                               |
|022 : '901'                                               |025 : '00'                                                |
|032 : '720001'                                            |035 : '6677880000000004=0327226623000000000'              |
|037 : '815912000006'                                      |040 : '226'                                               |
|041 : 'TEST1234'                                          |042 : 'TEST12345678901'                                   |
|043 : 'RUPAY TEST SIMULATOR   MUMBAI       MHIN'          |048 : '051005POS0105800500030'                            |
|049 : '356'                                               |052 : 'D28E037295AAD54D'                                  |
|061 : '420012220039000452012AVENUE SUPERMART IND'         |                                                          |
-----------------------------------------------------------------------------------------------------------------------

[12:39:29:409] Thread-146 SILCBSConnector.send(35) {
  "mti": "0200",
  "pan": "6677880000000004",
  "pcode": "000000",
  "amount": "000000060000",
  "de7": "0608070929",
  "stan": "000006",
  "time": "123929",
  "day": "0608",
  "countrycode": "356",
  "acqid": "720001",
  "rrn": "815912000006",
  "tid": "TEST1234",
  "currencycode": "356",
  "account": "0002SB    00079250"
}
[12:39:29:409] Thread-146 SILCBSConnector.send(51) cbs request : 
-----------------------------------------------------------------------------------------------------------------------
|000 : '0200'                                              |002 : '6677880000000004'                                  |
|003 : '000000'                                            |004 : '000000060000'                                      |
|011 : '000006'                                            |012 : '123929'                                            |
|013 : '0608'                                              |019 : '356'                                               |
|032 : '720001'                                            |037 : '815912000006'                                      |
|041 : 'TEST1234'                                          |049 : '356'                                               |
|102 : '0002SB    00079250'                                |                                                          |
-----------------------------------------------------------------------------------------------------------------------

[12:39:29:409] Thread-146 SILCBSConnector.send(58) cbs request : 30313530303230304630333832303031303838303830303030303030303030303034303030303030313636363737383830303030303030303034303030303030303030303030303630303030303030303036313233393239303630383335363036373230303031383135393132303030303036544553543132333420202020202020203335363138303030325342202020203030303739323530
[12:39:30:604] Thread-146 SILCBSConnector.send(68) cbs response : 303231304630333832303031304538303834303030303030303030303034303030303030313636363737383830303030303030303034303030303030303030303030303630303030303030303036313233393239303630383335363036373230303031383135393132303030303036303030303936313454455354313233342020202020202020333536303430313030313335364430303030303030303030303031303032333536443030303030303030303030303138303030325342202020203030303739323530
[12:39:30:613] SILCBSConnector.send(70) 
-----------------------------------------------------------------------------------------------------------------------
|000 : '0210'                                              |002 : '6677880000000004'                                  |
|003 : '000000'                                            |004 : '000000060000'                                      |
|011 : '000006'                                            |012 : '123929'                                            |
|013 : '0608'                                              |019 : '356'                                               |
|032 : '720001'                                            |037 : '815912000006'                                      |
|038 : '000096'                                            |039 : '14'                                                |
|041 : 'TEST1234        '                                  |049 : '356'                                               |
|054 : '1001356D0000000000001002356D000000000000'          |102 : '0002SB    00079250'                                |
-----------------------------------------------------------------------------------------------------------------------

[12:39:30:614] Thread-146 SILCBSConnector.send(75) {
  "authcode": "000096",
  "responsecode": "14",
  "balance": 0.0
}
[12:39:30:614] Thread-146 IssuerTransaction.run(60) issuerResponse : 00A530323130F23820010E81800000000000040000003136363637373838303030303030303030343030303030303030303030303036303030303036303830373039323930303030303631323339323930363038333536303637323030303138313539313230303030303630303030393631345445535431323334303138303531303035504F5330313035343030314D3335363138303030325342202020203030303739323530
[12:39:30:615] Thread-146 IssuerTransaction.run(64) issuerResponse : 
-----------------------------------------------------------------------------------------------------------------------
|000 : '0210'                                              |002 : '6677880000000004'                                  |
|003 : '000000'                                            |004 : '000000060000'                                      |
|007 : '0608070929'                                        |011 : '000006'                                            |
|012 : '123929'                                            |013 : '0608'                                              |
|019 : '356'                                               |032 : '720001'                                            |
|037 : '815912000006'                                      |038 : '000096'                                            |
|039 : '14'                                                |041 : 'TEST1234'                                          |
|048 : '051005POS01054001M'                                |049 : '356'                                               |
|102 : '0002SB    00079250'                                |                                                          |
-----------------------------------------------------------------------------------------------------------------------

[12:39:30:615] Thread-146 IssuerTransaction.run(65) transaction completed successfully.
