[00:28:43:912] Thread-15 IssuerTransaction.run(51) issuer class name : com.sil.npci.issuer.FullMagstripePurchase
[00:28:43:912] Thread-15 IssuerTransaction.run(53) issuerRequest : 
-----------------------------------------------------------------------------------------------------------------------
|000 : '0200'                                              |002 : '6677880000000004'                                  |
|003 : '000000'                                            |004 : '000000060000'                                      |
|007 : '0607185843'                                        |011 : '000004'                                            |
|012 : '002843'                                            |013 : '0608'                                              |
|018 : '5999'                                              |019 : '356'                                               |
|022 : '901'                                               |025 : '00'                                                |
|032 : '720001'                                            |035 : '6677880000000004=0327226623000000000'              |
|037 : '815900000004'                                      |040 : '226'                                               |
|041 : 'TEST1234'                                          |042 : 'TEST12345678901'                                   |
|043 : 'RUPAY TEST SIMULATOR   MUMBAI       MHIN'          |048 : '051005POS0105800500030'                            |
|049 : '356'                                               |052 : 'D28E037295AAD54D'                                  |
|061 : '420012220039000452012AVENUE SUPERMART IND'         |                                                          |
-----------------------------------------------------------------------------------------------------------------------

[00:28:43:916] Thread-15 SILCBSConnector.send(35) {
  "mti": "0200",
  "pan": "6677880000000004",
  "pcode": "000000",
  "amount": "000000060000",
  "de7": "0607185843",
  "stan": "000004",
  "time": "002843",
  "day": "0608",
  "countrycode": "356",
  "acqid": "720001",
  "rrn": "815900000004",
  "tid": "TEST1234",
  "currencycode": "356",
  "account": "0002SB    00079250"
}
[00:28:43:916] Thread-15 SILCBSConnector.send(51) cbs request : 
-----------------------------------------------------------------------------------------------------------------------
|000 : '0200'                                              |002 : '6677880000000004'                                  |
|003 : '000000'                                            |004 : '000000060000'                                      |
|011 : '000004'                                            |012 : '002843'                                            |
|013 : '0608'                                              |019 : '356'                                               |
|032 : '720001'                                            |037 : '815900000004'                                      |
|041 : 'TEST1234'                                          |049 : '356'                                               |
|102 : '0002SB    00079250'                                |                                                          |
-----------------------------------------------------------------------------------------------------------------------

[00:28:43:917] Thread-15 SILCBSConnector.send(58) cbs request : 30313530303230304630333832303031303838303830303030303030303030303034303030303030313636363737383830303030303030303034303030303030303030303030303630303030303030303034303032383433303630383335363036373230303031383135393030303030303034544553543132333420202020202020203335363138303030325342202020203030303739323530
[00:28:44:921] Thread-15 SILCBSConnector.send(77) null or invalid cbs response : Connection reset
[00:28:44:923] Thread-15 IssuerTransaction.run(60) issuerResponse : 009F30323130F23820010A81800000000000040000003136363637373838303030303030303030343030303030303030303030303036303030303036303731383538343330303030303430303238343330363038333536303637323030303138313539303030303030303439315445535431323334303138303531303035504F5330313035343030314D3335363138303030325342202020203030303739323530
[00:28:44:924] Thread-15 IssuerTransaction.run(64) issuerResponse : 
-----------------------------------------------------------------------------------------------------------------------
|000 : '0210'                                              |002 : '6677880000000004'                                  |
|003 : '000000'                                            |004 : '000000060000'                                      |
|007 : '0607185843'                                        |011 : '000004'                                            |
|012 : '002843'                                            |013 : '0608'                                              |
|019 : '356'                                               |032 : '720001'                                            |
|037 : '815900000004'                                      |039 : '91'                                                |
|041 : 'TEST1234'                                          |048 : '051005POS01054001M'                                |
|049 : '356'                                               |102 : '0002SB    00079250'                                |
-----------------------------------------------------------------------------------------------------------------------

[00:28:44:925] Thread-15 IssuerTransaction.run(65) transaction completed successfully.
