[12:39:50:538] Thread-147 IssuerTransaction.run(51) issuer class name : com.sil.npci.issuer.FullMagstripePurchase
[12:39:50:538] Thread-147 IssuerTransaction.run(53) issuerRequest : 
-----------------------------------------------------------------------------------------------------------------------
|000 : '0200'                                              |002 : '6077990020000011'                                  |
|003 : '000000'                                            |004 : '000000060000'                                      |
|007 : '0608070950'                                        |011 : '000007'                                            |
|012 : '123950'                                            |013 : '0608'                                              |
|018 : '5999'                                              |019 : '356'                                               |
|022 : '901'                                               |025 : '00'                                                |
|032 : '720001'                                            |035 : '6077990020000011=20052056500000000'                |
|037 : '815912000007'                                      |040 : '205'                                               |
|041 : 'TEST1234'                                          |042 : 'TEST12345678901'                                   |
|043 : 'RUPAY TEST SIMULATOR   MUMBAI       MHIN'          |048 : '051005POS0105800500030'                            |
|049 : '356'                                               |052 : '82479F9707525350'                                  |
|061 : '420012220039000452012AVENUE SUPERMART IND'         |                                                          |
-----------------------------------------------------------------------------------------------------------------------

[12:39:50:539] Thread-147 SILCBSConnector.send(35) {
  "mti": "0200",
  "pan": "6077990020000011",
  "pcode": "000000",
  "amount": "000000060000",
  "de7": "0608070950",
  "stan": "000007",
  "time": "123950",
  "day": "0608",
  "countrycode": "356",
  "acqid": "720001",
  "rrn": "815912000007",
  "tid": "TEST1234",
  "currencycode": "356",
  "account": "0002SB    00079250"
}
[12:39:50:539] Thread-147 SILCBSConnector.send(51) cbs request : 
-----------------------------------------------------------------------------------------------------------------------
|000 : '0200'                                              |002 : '6077990020000011'                                  |
|003 : '000000'                                            |004 : '000000060000'                                      |
|011 : '000007'                                            |012 : '123950'                                            |
|013 : '0608'                                              |019 : '356'                                               |
|032 : '720001'                                            |037 : '815912000007'                                      |
|041 : 'TEST1234'                                          |049 : '356'                                               |
|102 : '0002SB    00079250'                                |                                                          |
-----------------------------------------------------------------------------------------------------------------------

[12:39:50:539] Thread-147 SILCBSConnector.send(58) cbs request : 30313530303230304630333832303031303838303830303030303030303030303034303030303030313636303737393930303230303030303131303030303030303030303030303630303030303030303037313233393530303630383335363036373230303031383135393132303030303037544553543132333420202020202020203335363138303030325342202020203030303739323530
[12:39:57:982] Thread-147 SILCBSConnector.send(68) cbs response : 303231304630333832303031304538303834303030303030303030303034303030303030313636303737393930303230303030303131303030303030303030303030303630303030303030303037313233393530303630383335363036373230303031383135393132303030303037303032393635303054455354313233342020202020202020333536303430313030313335364330303030393336353337363031303032333536433030303039333635333736303138303030325342202020203030303739323530
[12:39:57:987] SILCBSConnector.send(70) 
-----------------------------------------------------------------------------------------------------------------------
|000 : '0210'                                              |002 : '6077990020000011'                                  |
|003 : '000000'                                            |004 : '000000060000'                                      |
|011 : '000007'                                            |012 : '123950'                                            |
|013 : '0608'                                              |019 : '356'                                               |
|032 : '720001'                                            |037 : '815912000007'                                      |
|038 : '002965'                                            |039 : '00'                                                |
|041 : 'TEST1234        '                                  |049 : '356'                                               |
|054 : '1001356C0000936537601002356C000093653760'          |102 : '0002SB    00079250'                                |
-----------------------------------------------------------------------------------------------------------------------

[12:39:57:988] Thread-147 SILCBSConnector.send(75) {
  "authcode": "002965",
  "responsecode": "00",
  "balance": 0.0
}
[12:39:57:990] Thread-147 IssuerTransaction.run(60) issuerResponse : 00A530323130F23820010E81800000000000040000003136363037373939303032303030303031313030303030303030303030303036303030303036303830373039353030303030303731323339353030363038333536303637323030303138313539313230303030303730303239363530305445535431323334303138303531303035504F5330313035343030314D3335363138303030325342202020203030303739323530
[12:39:57:990] Thread-147 IssuerTransaction.run(64) issuerResponse : 
-----------------------------------------------------------------------------------------------------------------------
|000 : '0210'                                              |002 : '6077990020000011'                                  |
|003 : '000000'                                            |004 : '000000060000'                                      |
|007 : '0608070950'                                        |011 : '000007'                                            |
|012 : '123950'                                            |013 : '0608'                                              |
|019 : '356'                                               |032 : '720001'                                            |
|037 : '815912000007'                                      |038 : '002965'                                            |
|039 : '00'                                                |041 : 'TEST1234'                                          |
|048 : '051005POS01054001M'                                |049 : '356'                                               |
|102 : '0002SB    00079250'                                |                                                          |
-----------------------------------------------------------------------------------------------------------------------

[12:39:57:990] Thread-147 IssuerTransaction.run(65) transaction completed successfully.
