[18:18:03:420] IssuerTransaction.run(48) issuer class name : com.sil.npci.issuer.FullMagstripePurchase
[18:18:03:421] IssuerTransaction.run(50) issuerRequest : 
-----------------------------------------------------------------------------------------------------------------------
|000 : '0200'                                              |002 : '6077990020000011'                                  |
|003 : '000000'                                            |004 : '000000060000'                                      |
|007 : '0528124803'                                        |011 : '000004'                                            |
|012 : '181803'                                            |013 : '0528'                                              |
|018 : '5999'                                              |019 : '356'                                               |
|022 : '901'                                               |025 : '00'                                                |
|032 : '720001'                                            |035 : '6077990020000011=20052056500000000'                |
|037 : '814818000004'                                      |040 : '205'                                               |
|041 : 'TEST1234'                                          |042 : 'TEST12345678901'                                   |
|043 : 'RUPAY TEST SIMULATOR   MUMBAI       MHIN'          |048 : '051005POS0105800500030'                            |
|049 : '356'                                               |052 : '82479F9707525350'                                  |
|061 : '420012220039000452012AVENUE SUPERMART IND'         |                                                          |
-----------------------------------------------------------------------------------------------------------------------

[18:18:03:422] IssuerTransaction.run(53) 
-----------------------------------------------------------------------------------------------------------------------
|000 : '0200'                                              |002 : '6077990020000011'                                  |
|003 : '000000'                                            |004 : '000000060000'                                      |
|007 : '0528124803'                                        |011 : '000004'                                            |
|012 : '181803'                                            |013 : '0528'                                              |
|019 : '356'                                               |032 : '720001'                                            |
|037 : '814818000004'                                      |041 : 'TEST1234'                                          |
|049 : '356'                                               |102 : '0002SB    00079250'                                |
-----------------------------------------------------------------------------------------------------------------------

[18:18:03:424] SILCBSConnector.send(26) cbs request : 3031363030323030463233383230303130383830383030303030303030303030303430303030303031363630373739393030323030303030313130303030303030303030303030363030303030353238313234383033303030303034313831383033303532383335363036373230303031383134383138303030303034544553543132333420202020202020203335363138303030325342202020203030303739323530
[18:18:07:989] SILCBSConnector.send(36) cbs response : 30323130463233383230303130453830383430303030303030303030303430303030303031363630373739393030323030303030313130303030303030303030303030363030303030353238313234383033303030303034313831383033303532383335363036373230303031383134383138303030303034303032393135303054455354313233342020202020202020333536303430313030313335364330303030393530333337363031303032333536433030303039353033333736303138303030325342202020203030303739323530
[18:18:07:990] IssuerTransaction.run(55) cbs response : 
-----------------------------------------------------------------------------------------------------------------------
|000 : '0210'                                              |002 : '6077990020000011'                                  |
|003 : '000000'                                            |004 : '000000060000'                                      |
|007 : '0528124803'                                        |011 : '000004'                                            |
|012 : '181803'                                            |013 : '0528'                                              |
|019 : '356'                                               |032 : '720001'                                            |
|037 : '814818000004'                                      |038 : '002915'                                            |
|039 : '00'                                                |041 : 'TEST1234        '                                  |
|049 : '356'                                               |054 : '1001356C0000950337601002356C000095033760'          |
|102 : '0002SB    00079250'                                |                                                          |
-----------------------------------------------------------------------------------------------------------------------

[18:18:07:992] IssuerTransaction.run(59) issuerResponse : 00A230323130F23820010E81800000000000040000003136363037373939303032303030303031313030303030303030303030303036303030303035323831323438303330303030303431383138303330353238333536303637323030303138313438313830303030303430303239313530305445535431323334303138303531303035504F5330313035343030314D3335363135313233343536373839313233343536
[18:18:07:992] IssuerTransaction.run(63) issuerResponse : 
-----------------------------------------------------------------------------------------------------------------------
|000 : '0210'                                              |002 : '6077990020000011'                                  |
|003 : '000000'                                            |004 : '000000060000'                                      |
|007 : '0528124803'                                        |011 : '000004'                                            |
|012 : '181803'                                            |013 : '0528'                                              |
|019 : '356'                                               |032 : '720001'                                            |
|037 : '814818000004'                                      |038 : '002915'                                            |
|039 : '00'                                                |041 : 'TEST1234'                                          |
|048 : '051005POS01054001M'                                |049 : '356'                                               |
|102 : '123456789123456'                                   |                                                          |
-----------------------------------------------------------------------------------------------------------------------

[18:18:07:993] IssuerTransaction.run(64) transaction completed successfully.
