[18:17:10:827] NPCIConnector.run(78) {
  "acquirerId": "607742",
  "bankName": "SWIFTCOREPAYMENT",
  "isAcquirer": true,
  "isIssuer": true,
  "acquiringIp": "10.100.10.141",
  "acquiringPort": 6789,
  "cbsIp": "10.101.10.236",
  "cbsPort": 9200,
  "npciIp": "10.101.10.236",
  "npciPort": 1234,
  "dataSourceName": "SWIFTCOREPAYMENT",
  "offsetType": "IBM",
  "isActive": false
}
[18:17:10:900] NPCIConnector.initSocket(238) connection to 10.101.10.236:1234
[18:17:10:901] NPCIConnector.run(82) npci socket connection status : true
[18:17:26:033] NPCIConnector.run(98) message from npci : 3038313082200000020000000400000000000000303532383138313732353236313936383030303031
[18:17:26:033] NPCIConnector.run(102) message from npci : 
-----------------------------------------------------------------------------------------------------------------------
|000 : '0810'                                              |007 : '0528181725'                                        |
|011 : '261968'                                            |039 : '00'                                                |
|070 : '001'                                               |                                                          |
-----------------------------------------------------------------------------------------------------------------------

[18:17:26:034] NPCIConnector.run(141) false
[18:17:31:073] NPCIConnector.run(98) message from npci : 3038313082200000020000000400000000000000303532383138313733313833343736354349333031
[18:17:31:073] NPCIConnector.run(102) message from npci : 
-----------------------------------------------------------------------------------------------------------------------
|000 : '0810'                                              |007 : '0528181731'                                        |
|011 : '834765'                                            |039 : 'CI'                                                |
|070 : '301'                                               |                                                          |
-----------------------------------------------------------------------------------------------------------------------

[18:17:31:073] NPCIConnector.run(141) false
[18:18:03:415] NPCIConnector.run(98) message from npci : 303230307238648129E19008313636303737393930303230303030303131303030303030303030303030303630303030303532383132343830333030303030343138313830333035323835393939333536393031303030363732303030313334363037373939303032303030303031313D32303035323035363530303030303030303831343831383030303030343230355445535431323334544553543132333435363738393031525550415920544553542053494D554C41544F522020204D554D424149202020202020204D48494E303232303531303035504F5330313035383030353030303330333536383234373946393730373532353335303034313432303031323232303033393030303435323031324156454E55452053555045524D41525420494E44
[18:18:03:416] NPCIConnector.run(102) message from npci : 
-----------------------------------------------------------------------------------------------------------------------
|000 : '0200'                                              |002 : '6077990020000011'                                  |
|003 : '000000'                                            |004 : '000000060000'                                      |
|007 : '0528124803'                                        |011 : '000004'                                            |
|012 : '181803'                                            |013 : '0528'                                              |
|018 : '5999'                                              |019 : '356'                                               |
|022 : '901'                                               |025 : '00'                                                |
|032 : '720001'                                            |035 : '6077990020000011=20052056500000000'                |
|037 : '814818000004'                                      |040 : '205'                                               |
|041 : 'TEST1234'                                          |042 : 'TEST12345678901'                                   |
|043 : 'RUPAY TEST SIMULATOR   MUMBAI       MHIN'          |048 : '051005POS0105800500030'                            |
|049 : '356'                                               |052 : '82479F9707525350'                                  |
|061 : '420012220039000452012AVENUE SUPERMART IND'         |                                                          |
-----------------------------------------------------------------------------------------------------------------------

[18:23:17:146] NPCIConnector.run(78) {
  "acquirerId": "607742",
  "bankName": "SWIFTCOREPAYMENT",
  "isAcquirer": true,
  "isIssuer": true,
  "acquiringIp": "10.100.10.141",
  "acquiringPort": 6789,
  "cbsIp": "10.101.10.236",
  "cbsPort": 9200,
  "npciIp": "10.101.10.236",
  "npciPort": 1234,
  "dataSourceName": "SWIFTCOREPAYMENT",
  "offsetType": "IBM",
  "isActive": false
}
[18:23:17:228] NPCIConnector.initSocket(238) connection to 10.101.10.236:1234
[18:23:17:229] NPCIConnector.run(82) npci socket connection status : true
[19:04:58:344] NPCIConnector.run(78) {
  "acquirerId": "607742",
  "bankName": "SWIFTCOREPAYMENT",
  "isAcquirer": true,
  "isIssuer": true,
  "acquiringIp": "10.100.10.141",
  "acquiringPort": 6789,
  "cbsIp": "10.101.10.236",
  "cbsPort": 9200,
  "npciIp": "10.101.10.236",
  "npciPort": 1234,
  "dataSourceName": "SWIFTCOREPAYMENT",
  "offsetType": "IBM",
  "isActive": false
}
[19:04:58:436] NPCIConnector.initSocket(238) connection to 10.101.10.236:1234
[19:04:58:436] NPCIConnector.run(82) npci socket connection status : true
[19:05:13:515] NPCIConnector.run(98) message from npci : 3038313082200000020000000400000000000000303532383139303531333831353230313030303031
[19:05:13:516] NPCIConnector.run(102) message from npci : 
-----------------------------------------------------------------------------------------------------------------------
|000 : '0810'                                              |007 : '0528190513'                                        |
|011 : '815201'                                            |039 : '00'                                                |
|070 : '001'                                               |                                                          |
-----------------------------------------------------------------------------------------------------------------------

[19:05:13:516] NPCIConnector.run(141) false
[19:05:18:562] NPCIConnector.run(98) message from npci : 3038313082200000020000000400000000000000303532383139303531383932393033314349333031
[19:05:18:562] NPCIConnector.run(102) message from npci : 
-----------------------------------------------------------------------------------------------------------------------
|000 : '0810'                                              |007 : '0528190518'                                        |
|011 : '929031'                                            |039 : 'CI'                                                |
|070 : '301'                                               |                                                          |
-----------------------------------------------------------------------------------------------------------------------

[19:05:18:562] NPCIConnector.run(141) false
