[13:37:31:845] IssuerTransaction.run(48) issuer class name : com.sil.npci.issuer.FullMagstripePurchase
[13:37:31:845] IssuerTransaction.run(50) issuerRequest : 
-----------------------------------------------------------------------------------------------------------------------
|000 : '0200'                                              |002 : '6077990020000011'                                  |
|003 : '000000'                                            |004 : '000000060000'                                      |
|007 : '0529080731'                                        |011 : '000001'                                            |
|012 : '133731'                                            |013 : '0529'                                              |
|018 : '5999'                                              |019 : '356'                                               |
|022 : '901'                                               |025 : '00'                                                |
|032 : '720001'                                            |035 : '6077990020000011=20052056500000000'                |
|037 : '814913000001'                                      |040 : '205'                                               |
|041 : 'TEST1234'                                          |042 : 'TEST12345678901'                                   |
|043 : 'RUPAY TEST SIMULATOR   MUMBAI       MHIN'          |048 : '051005POS0105800500030'                            |
|049 : '356'                                               |052 : '82479F9707525350'                                  |
|061 : '420012220039000452012AVENUE SUPERMART IND'         |                                                          |
-----------------------------------------------------------------------------------------------------------------------

[13:37:31:846] IssuerTransaction.run(53) 
-----------------------------------------------------------------------------------------------------------------------
|000 : '0200'                                              |002 : '6077990020000011'                                  |
|003 : '000000'                                            |004 : '000000060000'                                      |
|007 : '0529080731'                                        |011 : '000001'                                            |
|012 : '133731'                                            |013 : '0529'                                              |
|019 : '356'                                               |032 : '720001'                                            |
|037 : '814913000001'                                      |041 : 'TEST1234'                                          |
|049 : '356'                                               |102 : '0002SB    00079250'                                |
-----------------------------------------------------------------------------------------------------------------------

[13:37:31:849] SILCBSConnector.send(26) cbs request : 3031363030323030463233383230303130383830383030303030303030303030303430303030303031363630373739393030323030303030313130303030303030303030303030363030303030353239303830373331303030303031313333373331303532393335363036373230303031383134393133303030303031544553543132333420202020202020203335363138303030325342202020203030303739323530
[13:37:35:034] SILCBSConnector.send(36) cbs response : 30323130463233383230303130453830383430303030303030303030303430303030303031363630373739393030323030303030313130303030303030303030303030363030303030353239303830373331303030303031313333373331303532393335363036373230303031383134393133303030303031303032393137303054455354313233342020202020202020333536303430313030313335364330303030393439373337363031303032333536433030303039343937333736303138303030325342202020203030303739323530
[13:37:35:035] IssuerTransaction.run(55) cbs response : 
-----------------------------------------------------------------------------------------------------------------------
|000 : '0210'                                              |002 : '6077990020000011'                                  |
|003 : '000000'                                            |004 : '000000060000'                                      |
|007 : '0529080731'                                        |011 : '000001'                                            |
|012 : '133731'                                            |013 : '0529'                                              |
|019 : '356'                                               |032 : '720001'                                            |
|037 : '814913000001'                                      |038 : '002917'                                            |
|039 : '00'                                                |041 : 'TEST1234        '                                  |
|049 : '356'                                               |054 : '1001356C0000949737601002356C000094973760'          |
|102 : '0002SB    00079250'                                |                                                          |
-----------------------------------------------------------------------------------------------------------------------

[13:37:35:037] IssuerTransaction.run(59) issuerResponse : 00A230323130F23820010E81800000000000040000003136363037373939303032303030303031313030303030303030303030303036303030303035323930383037333130303030303131333337333130353239333536303637323030303138313439313330303030303130303239313730305445535431323334303138303531303035504F5330313035343030314D3335363135313233343536373839313233343536
[13:37:35:038] IssuerTransaction.run(63) issuerResponse : 
-----------------------------------------------------------------------------------------------------------------------
|000 : '0210'                                              |002 : '6077990020000011'                                  |
|003 : '000000'                                            |004 : '000000060000'                                      |
|007 : '0529080731'                                        |011 : '000001'                                            |
|012 : '133731'                                            |013 : '0529'                                              |
|019 : '356'                                               |032 : '720001'                                            |
|037 : '814913000001'                                      |038 : '002917'                                            |
|039 : '00'                                                |041 : 'TEST1234'                                          |
|048 : '051005POS01054001M'                                |049 : '356'                                               |
|102 : '123456789123456'                                   |                                                          |
-----------------------------------------------------------------------------------------------------------------------

[13:37:35:038] IssuerTransaction.run(64) transaction completed successfully.
