[13:39:04:705] IssuerTransaction.run(48) issuer class name : com.sil.npci.issuer.ECommercePurchase
[13:39:04:705] IssuerTransaction.run(50) issuerRequest : 
-----------------------------------------------------------------------------------------------------------------------
|000 : '0200'                                              |002 : '6077990020000011'                                  |
|003 : '000000'                                            |004 : '000000060000'                                      |
|007 : '0529080904'                                        |011 : '000002'                                            |
|012 : '133904'                                            |013 : '0529'                                              |
|014 : '2005'                                              |018 : '5999'                                              |
|019 : '356'                                               |022 : '810'                                               |
|025 : '59'                                                |032 : '720001'                                            |
|037 : '814913000002'                                      |041 : 'TEST1234'                                          |
|042 : 'TEST12345678901'                                   |043 : 'RUPAY TEST SIMULATOR   MUMBAI       MHIN'          |
|048 : '051005POS010520031230560023105800500030061030200000000000000000000524701124071042103.000.007.111                        35607702045066620170911205341|049 : '356'                                               |
|061 : '5116615GA000000452012AVENUE SUPERMART IND'         |                                                          |
-----------------------------------------------------------------------------------------------------------------------

[13:39:04:706] IssuerTransaction.run(53) 
-----------------------------------------------------------------------------------------------------------------------
|000 : '0200'                                              |002 : '6077990020000011'                                  |
|003 : '000000'                                            |004 : '000000060000'                                      |
|007 : '0529080904'                                        |011 : '000002'                                            |
|012 : '133904'                                            |013 : '0529'                                              |
|019 : '356'                                               |032 : '720001'                                            |
|037 : '814913000002'                                      |041 : 'TEST1234'                                          |
|049 : '356'                                               |102 : '0002SB    00079250'                                |
-----------------------------------------------------------------------------------------------------------------------

[13:39:04:707] SILCBSConnector.send(26) cbs request : 3031363030323030463233383230303130383830383030303030303030303030303430303030303031363630373739393030323030303030313130303030303030303030303030363030303030353239303830393034303030303032313333393034303532393335363036373230303031383134393133303030303032544553543132333420202020202020203335363138303030325342202020203030303739323530
[13:39:08:051] SILCBSConnector.send(36) cbs response : 30323130463233383230303130453830383430303030303030303030303430303030303031363630373739393030323030303030313130303030303030303030303030363030303030353239303830393034303030303032313333393034303532393335363036373230303031383134393133303030303032303032393139303054455354313233342020202020202020333536303430313030313335364330303030393439313337363031303032333536433030303039343931333736303138303030325342202020203030303739323530
[13:39:08:051] IssuerTransaction.run(55) cbs response : 
-----------------------------------------------------------------------------------------------------------------------
|000 : '0210'                                              |002 : '6077990020000011'                                  |
|003 : '000000'                                            |004 : '000000060000'                                      |
|007 : '0529080904'                                        |011 : '000002'                                            |
|012 : '133904'                                            |013 : '0529'                                              |
|019 : '356'                                               |032 : '720001'                                            |
|037 : '814913000002'                                      |038 : '002919'                                            |
|039 : '00'                                                |041 : 'TEST1234        '                                  |
|049 : '356'                                               |054 : '1001356C0000949137601002356C000094913760'          |
|102 : '0002SB    00079250'                                |                                                          |
-----------------------------------------------------------------------------------------------------------------------

[13:39:08:051] IssuerTransaction.run(59) issuerResponse : 00A230323130F23820010E81800000000000040000003136363037373939303032303030303031313030303030303030303030303036303030303035323930383039303430303030303231333339303430353239333536303637323030303138313439313330303030303230303239313930305445535431323334303138303531303035504F5330313035333030314D3335363135313233343536373839313233343536
[13:39:08:052] IssuerTransaction.run(63) issuerResponse : 
-----------------------------------------------------------------------------------------------------------------------
|000 : '0210'                                              |002 : '6077990020000011'                                  |
|003 : '000000'                                            |004 : '000000060000'                                      |
|007 : '0529080904'                                        |011 : '000002'                                            |
|012 : '133904'                                            |013 : '0529'                                              |
|019 : '356'                                               |032 : '720001'                                            |
|037 : '814913000002'                                      |038 : '002919'                                            |
|039 : '00'                                                |041 : 'TEST1234'                                          |
|048 : '051005POS01053001M'                                |049 : '356'                                               |
|102 : '123456789123456'                                   |                                                          |
-----------------------------------------------------------------------------------------------------------------------

[13:39:08:052] IssuerTransaction.run(64) transaction completed successfully.
