[13:36:42:662] NPCIConnector.run(78) {
  "acquirerId": "607742",
  "bankName": "SWIFTCOREPAYMENT",
  "isAcquirer": true,
  "isIssuer": true,
  "acquiringIp": "10.100.10.141",
  "acquiringPort": 6789,
  "cbsIp": "10.101.10.236",
  "cbsPort": 9200,
  "npciIp": "10.101.10.236",
  "npciPort": 1234,
  "dataSourceName": "SWIFTCOREPAYMENT",
  "offsetType": "IBM",
  "isActive": false
}
[13:36:42:749] NPCIConnector.initSocket(238) connection to 10.101.10.236:1234
[13:36:42:750] NPCIConnector.run(82) npci socket connection status : true
[13:36:47:943] NPCIConnector.run(98) message from npci : 3038313082200000020000000400000000000000303532393133333634373335303338373030303031
[13:36:47:943] NPCIConnector.run(102) message from npci : 
-----------------------------------------------------------------------------------------------------------------------
|000 : '0810'                                              |007 : '0529133647'                                        |
|011 : '350387'                                            |039 : '00'                                                |
|070 : '001'                                               |                                                          |
-----------------------------------------------------------------------------------------------------------------------

[13:36:47:944] NPCIConnector.run(141) false
[13:36:52:981] NPCIConnector.run(98) message from npci : 3038313082200000020000000400000000000000303532393133333635323236313635324349333031
[13:36:52:981] NPCIConnector.run(102) message from npci : 
-----------------------------------------------------------------------------------------------------------------------
|000 : '0810'                                              |007 : '0529133652'                                        |
|011 : '261652'                                            |039 : 'CI'                                                |
|070 : '301'                                               |                                                          |
-----------------------------------------------------------------------------------------------------------------------

[13:36:52:982] NPCIConnector.run(141) false
[13:37:31:840] NPCIConnector.run(98) message from npci : 303230307238648129E19008313636303737393930303230303030303131303030303030303030303030303630303030303532393038303733313030303030313133333733313035323935393939333536393031303030363732303030313334363037373939303032303030303031313D32303035323035363530303030303030303831343931333030303030313230355445535431323334544553543132333435363738393031525550415920544553542053494D554C41544F522020204D554D424149202020202020204D48494E303232303531303035504F5330313035383030353030303330333536383234373946393730373532353335303034313432303031323232303033393030303435323031324156454E55452053555045524D41525420494E44
[13:37:31:840] NPCIConnector.run(102) message from npci : 
-----------------------------------------------------------------------------------------------------------------------
|000 : '0200'                                              |002 : '6077990020000011'                                  |
|003 : '000000'                                            |004 : '000000060000'                                      |
|007 : '0529080731'                                        |011 : '000001'                                            |
|012 : '133731'                                            |013 : '0529'                                              |
|018 : '5999'                                              |019 : '356'                                               |
|022 : '901'                                               |025 : '00'                                                |
|032 : '720001'                                            |035 : '6077990020000011=20052056500000000'                |
|037 : '814913000001'                                      |040 : '205'                                               |
|041 : 'TEST1234'                                          |042 : 'TEST12345678901'                                   |
|043 : 'RUPAY TEST SIMULATOR   MUMBAI       MHIN'          |048 : '051005POS0105800500030'                            |
|049 : '356'                                               |052 : '82479F9707525350'                                  |
|061 : '420012220039000452012AVENUE SUPERMART IND'         |                                                          |
-----------------------------------------------------------------------------------------------------------------------

[13:39:04:699] NPCIConnector.run(98) message from npci : 30323030723C648108E1800831363630373739393030323030303030313130303030303030303030303030363030303030353239303830393034303030303032313333393034303532393230303535393939333536383130353930363732303030313831343931333030303030325445535431323334544553543132333435363738393031525550415920544553542053494D554C41544F522020204D554D424149202020202020204D48494E313439303531303035504F533031303532303033313233303536303032333130353830303530303033303036313033303230303030303030303030303030303030303030303532343730313132343037313034323130332E3030302E3030372E31313120202020202020202020202020202020202020202020202033353630373730323034353036363632303137303931313230353334313335363034313531313636313547413030303030303435323031324156454E55452053555045524D41525420494E44
[13:39:04:699] NPCIConnector.run(102) message from npci : 
-----------------------------------------------------------------------------------------------------------------------
|000 : '0200'                                              |002 : '6077990020000011'                                  |
|003 : '000000'                                            |004 : '000000060000'                                      |
|007 : '0529080904'                                        |011 : '000002'                                            |
|012 : '133904'                                            |013 : '0529'                                              |
|014 : '2005'                                              |018 : '5999'                                              |
|019 : '356'                                               |022 : '810'                                               |
|025 : '59'                                                |032 : '720001'                                            |
|037 : '814913000002'                                      |041 : 'TEST1234'                                          |
|042 : 'TEST12345678901'                                   |043 : 'RUPAY TEST SIMULATOR   MUMBAI       MHIN'          |
|048 : '051005POS010520031230560023105800500030061030200000000000000000000524701124071042103.000.007.111                        35607702045066620170911205341|049 : '356'                                               |
|061 : '5116615GA000000452012AVENUE SUPERMART IND'         |                                                          |
-----------------------------------------------------------------------------------------------------------------------

[13:40:01:376] NPCIConnector.run(78) {
  "acquirerId": "607742",
  "bankName": "SWIFTCOREPAYMENT",
  "isAcquirer": true,
  "isIssuer": true,
  "acquiringIp": "10.100.10.141",
  "acquiringPort": 6789,
  "cbsIp": "10.101.10.236",
  "cbsPort": 9200,
  "npciIp": "10.101.10.236",
  "npciPort": 1234,
  "dataSourceName": "SWIFTCOREPAYMENT",
  "offsetType": "IBM",
  "isActive": false
}
[13:40:01:425] NPCIConnector.initSocket(238) connection to 10.101.10.236:1234
[13:40:01:426] NPCIConnector.run(82) npci socket connection status : true
