[22:12:12:841] IssuerTransaction.run(51) issuer class name : com.sil.npci.issuer.FullMagstripePurchase
[22:12:12:842] IssuerTransaction.run(53) issuerRequest : 
-----------------------------------------------------------------------------------------------------------------------
|000 : '0200'                                              |002 : '6077990020000011'                                  |
|003 : '000000'                                            |004 : '000000060000'                                      |
|007 : '0601164212'                                        |011 : '000475'                                            |
|012 : '221212'                                            |013 : '0601'                                              |
|018 : '5999'                                              |019 : '356'                                               |
|022 : '901'                                               |025 : '00'                                                |
|032 : '720001'                                            |035 : '6077990020000011=20052056500000000'                |
|037 : '815222000475'                                      |040 : '205'                                               |
|041 : 'TEST1234'                                          |042 : 'TEST12345678901'                                   |
|043 : 'RUPAY TEST SIMULATOR   MUMBAI       MHIN'          |048 : '051005POS0105800500030'                            |
|049 : '356'                                               |052 : '82479F9707525350'                                  |
|061 : '420012220039000452012AVENUE SUPERMART IND'         |                                                          |
-----------------------------------------------------------------------------------------------------------------------

[22:12:12:843] SILCBSConnector.send(35) {
  "mti": "0200",
  "pan": "6077990020000011",
  "pcode": "000000",
  "amount": "000000060000",
  "de7": "0601164212",
  "stan": "000475",
  "time": "221212",
  "day": "0601",
  "countrycode": "356",
  "acqid": "720001",
  "rrn": "815222000475",
  "tid": "TEST1234",
  "currencycode": "356",
  "account": "0002SB    00079250"
}
[22:12:12:843] SILCBSConnector.send(51) cbs request : 
-----------------------------------------------------------------------------------------------------------------------
|000 : '0200'                                              |002 : '6077990020000011'                                  |
|003 : '000000'                                            |004 : '000000060000'                                      |
|011 : '000475'                                            |012 : '221212'                                            |
|013 : '0601'                                              |019 : '356'                                               |
|032 : '720001'                                            |037 : '815222000475'                                      |
|041 : 'TEST1234'                                          |049 : '356'                                               |
|102 : '0002SB    00079250'                                |                                                          |
-----------------------------------------------------------------------------------------------------------------------

[22:12:12:844] SILCBSConnector.send(58) cbs request : 30313530303230304630333832303031303838303830303030303030303030303034303030303030313636303737393930303230303030303131303030303030303030303030303630303030303030343735323231323132303630313335363036373230303031383135323232303030343735544553543132333420202020202020203335363138303030325342202020203030303739323530
[22:12:40:853] SILCBSConnector.send(68) cbs response : 303231304630333832303031304538303834303030303030303030303034303030303030313636303737393930303230303030303131303030303030303030303030303630303030303030343735323231323132303630313335363036373230303031383135323232303030343735303032393631303054455354313233342020202020202020333536303430313030313335364330303030393337373337363031303032333536433030303039333737333736303138303030325342202020203030303739323530
[22:12:40:854] SILCBSConnector.send(70) 
-----------------------------------------------------------------------------------------------------------------------
|000 : '0210'                                              |002 : '6077990020000011'                                  |
|003 : '000000'                                            |004 : '000000060000'                                      |
|011 : '000475'                                            |012 : '221212'                                            |
|013 : '0601'                                              |019 : '356'                                               |
|032 : '720001'                                            |037 : '815222000475'                                      |
|038 : '002961'                                            |039 : '00'                                                |
|041 : 'TEST1234        '                                  |049 : '356'                                               |
|054 : '1001356C0000937737601002356C000093773760'          |102 : '0002SB    00079250'                                |
-----------------------------------------------------------------------------------------------------------------------

[22:12:40:854] SILCBSConnector.send(75) {
  "authcode": "002961",
  "responsecode": "00",
  "balance": 0.0
}
[22:12:40:855] IssuerTransaction.run(60) issuerResponse : 00A530323130F23820010E81800000000000040000003136363037373939303032303030303031313030303030303030303030303036303030303036303131363432313230303034373532323132313230363031333536303637323030303138313532323230303034373530303239363130305445535431323334303138303531303035504F5330313035343030314D3335363138303030325342202020203030303739323530
[22:12:40:855] IssuerTransaction.run(64) issuerResponse : 
-----------------------------------------------------------------------------------------------------------------------
|000 : '0210'                                              |002 : '6077990020000011'                                  |
|003 : '000000'                                            |004 : '000000060000'                                      |
|007 : '0601164212'                                        |011 : '000475'                                            |
|012 : '221212'                                            |013 : '0601'                                              |
|019 : '356'                                               |032 : '720001'                                            |
|037 : '815222000475'                                      |038 : '002961'                                            |
|039 : '00'                                                |041 : 'TEST1234'                                          |
|048 : '051005POS01054001M'                                |049 : '356'                                               |
|102 : '0002SB    00079250'                                |                                                          |
-----------------------------------------------------------------------------------------------------------------------

[22:12:40:855] IssuerTransaction.run(65) transaction completed successfully.
