[18:37:30:795] IssuerTransaction.run(51) issuer class name : com.sil.npci.issuer.FullMagstripePurchase
[18:37:30:795] IssuerTransaction.run(53) issuerRequest : 
-----------------------------------------------------------------------------------------------------------------------
|000 : '0200'                                              |002 : '6077990020000011'                                  |
|003 : '000000'                                            |004 : '000000060000'                                      |
|007 : '0601130730'                                        |011 : '000033'                                            |
|012 : '183730'                                            |013 : '0601'                                              |
|018 : '5999'                                              |019 : '356'                                               |
|022 : '901'                                               |025 : '00'                                                |
|032 : '720001'                                            |035 : '6077990020000011=20052056500000000'                |
|037 : '815218000033'                                      |040 : '205'                                               |
|041 : 'TEST1234'                                          |042 : 'TEST12345678901'                                   |
|043 : 'RUPAY TEST SIMULATOR   MUMBAI       MHIN'          |048 : '051005POS0105800500030'                            |
|049 : '356'                                               |052 : '82479F9707525350'                                  |
|061 : '420012220039000452012AVENUE SUPERMART IND'         |                                                          |
-----------------------------------------------------------------------------------------------------------------------

[18:37:30:797] SILCBSConnector.send(48) cbs request : 
-----------------------------------------------------------------------------------------------------------------------
|000 : '0200'                                              |002 : '6077990020000011'                                  |
|003 : '000000'                                            |004 : '000000060000'                                      |
|011 : '000033'                                            |012 : '183730'                                            |
|013 : '0601'                                              |019 : '356'                                               |
|032 : '720001'                                            |037 : '815218000033'                                      |
|041 : 'TEST1234'                                          |049 : '356'                                               |
|102 : '0002SB    00079250'                                |                                                          |
-----------------------------------------------------------------------------------------------------------------------

[18:37:30:799] SILCBSConnector.send(55) cbs request : 30313530303230304630333832303031303838303830303030303030303030303034303030303030313636303737393930303230303030303131303030303030303030303030303630303030303030303333313833373330303630313335363036373230303031383135323138303030303333544553543132333420202020202020203335363138303030325342202020203030303739323530
[18:37:36:486] SILCBSConnector.send(65) cbs response : 303231304630333832303031304538303834303030303030303030303034303030303030313636303737393930303230303030303131303030303030303030303030303630303030303030303333313833373330303630313335363036373230303031383135323138303030303333303032393335303054455354313233342020202020202020333536303430313030313335364330303030393434333337363031303032333536433030303039343433333736303138303030325342202020203030303739323530
[18:37:36:487] SILCBSConnector.send(67) 
-----------------------------------------------------------------------------------------------------------------------
|000 : '0210'                                              |002 : '6077990020000011'                                  |
|003 : '000000'                                            |004 : '000000060000'                                      |
|011 : '000033'                                            |012 : '183730'                                            |
|013 : '0601'                                              |019 : '356'                                               |
|032 : '720001'                                            |037 : '815218000033'                                      |
|038 : '002935'                                            |039 : '00'                                                |
|041 : 'TEST1234        '                                  |049 : '356'                                               |
|054 : '1001356C0000944337601002356C000094433760'          |102 : '0002SB    00079250'                                |
-----------------------------------------------------------------------------------------------------------------------

[18:37:36:488] IssuerTransaction.run(60) issuerResponse : 00A530323130F23820010E81800000000000040000003136363037373939303032303030303031313030303030303030303030303036303030303036303131333037333030303030333331383337333030363031333536303637323030303138313532313830303030333330303239333530305445535431323334303138303531303035504F5330313035343030314D3335363138303030325342202020203030303739323530
[18:37:36:488] IssuerTransaction.run(64) issuerResponse : 
-----------------------------------------------------------------------------------------------------------------------
|000 : '0210'                                              |002 : '6077990020000011'                                  |
|003 : '000000'                                            |004 : '000000060000'                                      |
|007 : '0601130730'                                        |011 : '000033'                                            |
|012 : '183730'                                            |013 : '0601'                                              |
|019 : '356'                                               |032 : '720001'                                            |
|037 : '815218000033'                                      |038 : '002935'                                            |
|039 : '00'                                                |041 : 'TEST1234'                                          |
|048 : '051005POS01054001M'                                |049 : '356'                                               |
|102 : '0002SB    00079250'                                |                                                          |
-----------------------------------------------------------------------------------------------------------------------

[18:37:36:489] IssuerTransaction.run(65) transaction completed successfully.
[18:37:52:655] IssuerTransaction.run(51) issuer class name : com.sil.npci.issuer.FullMagstripeReversal
[18:37:52:656] IssuerTransaction.run(53) issuerRequest : 
-----------------------------------------------------------------------------------------------------------------------
|000 : '0420'                                              |002 : '6077990020000011'                                  |
|003 : '000000'                                            |004 : '000000060000'                                      |
|007 : '0601130730'                                        |011 : '000033'                                            |
|012 : '183730'                                            |013 : '0601'                                              |
|018 : '5999'                                              |019 : '356'                                               |
|022 : '901'                                               |025 : '00'                                                |
|032 : '720001'                                            |037 : '815218000033'                                      |
|038 : '002935'                                            |039 : '22'                                                |
|041 : 'TEST1234'                                          |042 : 'TEST12345678901'                                   |
|043 : 'RUPAY TEST SIMULATOR   MUMBAI       MHIN'          |049 : '356'                                               |
|090 : '020000003306011307300000072000100000000000'        |                                                          |
-----------------------------------------------------------------------------------------------------------------------

[18:37:52:656] SILCBSConnector.send(48) cbs request : 
-----------------------------------------------------------------------------------------------------------------------
|000 : '0420'                                              |002 : '6077990020000011'                                  |
|003 : '000000'                                            |004 : '000000060000'                                      |
|011 : '000033'                                            |012 : '183730'                                            |
|013 : '0601'                                              |019 : '356'                                               |
|032 : '720001'                                            |037 : '815218000033'                                      |
|041 : 'TEST1234'                                          |049 : '356'                                               |
|102 : '0002SB    00079250'                                |                                                          |
-----------------------------------------------------------------------------------------------------------------------

[18:37:52:657] SILCBSConnector.send(55) cbs request : 30313530303432304630333832303031303838303830303030303030303030303034303030303030313636303737393930303230303030303131303030303030303030303030303630303030303030303333313833373330303630313335363036373230303031383135323138303030303333544553543132333420202020202020203335363138303030325342202020203030303739323530
[18:37:57:722] SILCBSConnector.send(65) cbs response : 3034333046303338323030313041383038303030303030303030303030343030303030303136363037373939303032303030303031313030303030303030303030303036303030303030303033333138333733303036303133353630363732303030313831353231383030303033333030544553543132333420202020202020203335363138303030325342202020203030303739323530
[18:37:57:723] SILCBSConnector.send(67) 
-----------------------------------------------------------------------------------------------------------------------
|000 : '0430'                                              |002 : '6077990020000011'                                  |
|003 : '000000'                                            |004 : '000000060000'                                      |
|011 : '000033'                                            |012 : '183730'                                            |
|013 : '0601'                                              |019 : '356'                                               |
|032 : '720001'                                            |037 : '815218000033'                                      |
|039 : '00'                                                |041 : 'TEST1234        '                                  |
|049 : '356'                                               |102 : '0002SB    00079250'                                |
-----------------------------------------------------------------------------------------------------------------------

[18:37:57:723] IssuerTransaction.run(60) issuerResponse : 009F30343330F23820010A81800000000000040000003136363037373939303032303030303031313030303030303030303030303036303030303036303131333037333030303030333331383337333030363031333536303637323030303138313532313830303030333330305445535431323334303138303531303035504F5330313035343030314D3335363138303030325342202020203030303739323530
[18:37:57:723] IssuerTransaction.run(64) issuerResponse : 
-----------------------------------------------------------------------------------------------------------------------
|000 : '0430'                                              |002 : '6077990020000011'                                  |
|003 : '000000'                                            |004 : '000000060000'                                      |
|007 : '0601130730'                                        |011 : '000033'                                            |
|012 : '183730'                                            |013 : '0601'                                              |
|019 : '356'                                               |032 : '720001'                                            |
|037 : '815218000033'                                      |039 : '00'                                                |
|041 : 'TEST1234'                                          |048 : '051005POS01054001M'                                |
|049 : '356'                                               |102 : '0002SB    00079250'                                |
-----------------------------------------------------------------------------------------------------------------------

[18:37:57:724] IssuerTransaction.run(65) transaction completed successfully.
