[00:23:04:256] IssuerTransaction.run(48) issuer class name : com.sil.npci.issuer.FullMagstripePurchase
[00:23:04:256] IssuerTransaction.run(50) issuerRequest : 
-----------------------------------------------------------------------------------------------------------------------
|000 : '0200'                                              |002 : '6077990020000011'                                  |
|003 : '000000'                                            |004 : '000000060000'                                      |
|007 : '0531185304'                                        |011 : '000020'                                            |
|012 : '002304'                                            |013 : '0601'                                              |
|018 : '5999'                                              |019 : '356'                                               |
|022 : '901'                                               |025 : '00'                                                |
|032 : '720001'                                            |035 : '6077990020000011=20052056500000000'                |
|037 : '815200000020'                                      |040 : '205'                                               |
|041 : 'TEST1234'                                          |042 : 'TEST12345678901'                                   |
|043 : 'RUPAY TEST SIMULATOR   MUMBAI       MHIN'          |048 : '051005POS0105800500030'                            |
|049 : '356'                                               |052 : '82479F9707525350'                                  |
|061 : '420012220039000452012AVENUE SUPERMART IND'         |                                                          |
-----------------------------------------------------------------------------------------------------------------------

[00:23:04:258] SILCBSConnector.send(51) 
-----------------------------------------------------------------------------------------------------------------------
|000 : '0200'                                              |002 : '6077990020000011'                                  |
|003 : '000000'                                            |004 : '000000060000'                                      |
|011 : '000020'                                            |012 : '002304'                                            |
|013 : '0601'                                              |019 : '356'                                               |
|032 : '720001'                                            |037 : '815200000020'                                      |
|041 : 'TEST1234'                                          |049 : '356'                                               |
|102 : '0002SB    00079250'                                |                                                          |
-----------------------------------------------------------------------------------------------------------------------

[00:23:04:260] SILCBSConnector.send(58) cbs request : 30313530303230304630333832303031303838303830303030303030303030303034303030303030313636303737393930303230303030303131303030303030303030303030303630303030303030303230303032333034303630313335363036373230303031383135323030303030303230544553543132333420202020202020203335363138303030325342202020203030303739323530
[00:23:35:693] SILCBSConnector.send(68) cbs response : 303231304630333832303031304538303834303030303030303030303034303030303030313636303737393930303230303030303131303030303030303030303030303630303030303030303230303032333034303630313335363036373230303031383135323030303030303230303032393235303054455354313233342020202020202020333536303430313030313335364330303030393437333337363031303032333536433030303039343733333736303138303030325342202020203030303739323530
[00:23:35:695] SILCBSConnector.send(70) 
-----------------------------------------------------------------------------------------------------------------------
|000 : '0210'                                              |002 : '6077990020000011'                                  |
|003 : '000000'                                            |004 : '000000060000'                                      |
|011 : '000020'                                            |012 : '002304'                                            |
|013 : '0601'                                              |019 : '356'                                               |
|032 : '720001'                                            |037 : '815200000020'                                      |
|038 : '002925'                                            |039 : '00'                                                |
|041 : 'TEST1234        '                                  |049 : '356'                                               |
|054 : '1001356C0000947337601002356C000094733760'          |102 : '0002SB    00079250'                                |
-----------------------------------------------------------------------------------------------------------------------

[00:23:35:700] IssuerTransaction.run(57) issuerResponse : 014530323130F23864812FE190080000000004000000313636303737393930303230303030303131303030303030303030303030303630303030303533313138353330343030303032303030323330343036303135393939333536393031303030363732303030313334363037373939303032303030303031313D323030353230353635303030303030303038313532303030303030323030303239323530303230355445535431323334544553543132333435363738393031525550415920544553542053494D554C41544F522020204D554D424149202020202020204D48494E303138303531303035504F5330313035343030314D333536383234373946393730373532353335303034313432303031323232303033393030303435323031324156454E55452053555045524D41525420494E443135313233343536373839313233343536
[00:23:35:701] IssuerTransaction.run(61) issuerResponse : 
-----------------------------------------------------------------------------------------------------------------------
|000 : '0210'                                              |002 : '6077990020000011'                                  |
|003 : '000000'                                            |004 : '000000060000'                                      |
|007 : '0531185304'                                        |011 : '000020'                                            |
|012 : '002304'                                            |013 : '0601'                                              |
|018 : '5999'                                              |019 : '356'                                               |
|022 : '901'                                               |025 : '00'                                                |
|032 : '720001'                                            |035 : '6077990020000011=20052056500000000'                |
|037 : '815200000020'                                      |038 : '002925'                                            |
|039 : '00'                                                |040 : '205'                                               |
|041 : 'TEST1234'                                          |042 : 'TEST12345678901'                                   |
|043 : 'RUPAY TEST SIMULATOR   MUMBAI       MHIN'          |048 : '051005POS01054001M'                                |
|049 : '356'                                               |052 : '82479F9707525350'                                  |
|061 : '420012220039000452012AVENUE SUPERMART IND'         |102 : '123456789123456'                                   |
-----------------------------------------------------------------------------------------------------------------------

[00:23:35:702] IssuerTransaction.run(62) transaction completed successfully.
