[20:29:16:170] IssuerTransaction.run(51) issuer class name : com.sil.npci.issuer.ECommercePurchase
[20:29:16:171] IssuerTransaction.run(53) issuerRequest : 
-----------------------------------------------------------------------------------------------------------------------
|000 : '0200'                                              |002 : '6077990020000011'                                  |
|003 : '000000'                                            |004 : '000000060000'                                      |
|007 : '0601145916'                                        |011 : '000041'                                            |
|012 : '202916'                                            |013 : '0601'                                              |
|014 : '2005'                                              |018 : '5999'                                              |
|019 : '356'                                               |022 : '810'                                               |
|025 : '59'                                                |032 : '720001'                                            |
|037 : '815220000041'                                      |041 : 'TEST1234'                                          |
|042 : 'TEST12345678901'                                   |043 : 'RUPAY TEST SIMULATOR   MUMBAI       MHIN'          |
|048 : '051005POS010520031230560023105800500030061030200000000000000000000524701124071042103.000.007.111                        35607702045066620170911205341|049 : '356'                                               |
|061 : '5116615GA000000452012AVENUE SUPERMART IND'         |                                                          |
-----------------------------------------------------------------------------------------------------------------------

[20:29:16:171] SILCBSConnector.send(48) cbs request : 
-----------------------------------------------------------------------------------------------------------------------
|000 : '0200'                                              |002 : '6077990020000011'                                  |
|003 : '000000'                                            |004 : '000000060000'                                      |
|011 : '000041'                                            |012 : '202916'                                            |
|013 : '0601'                                              |019 : '356'                                               |
|032 : '720001'                                            |037 : '815220000041'                                      |
|041 : 'TEST1234'                                          |049 : '356'                                               |
|102 : '0002SB    00079250'                                |                                                          |
-----------------------------------------------------------------------------------------------------------------------

[20:29:16:172] SILCBSConnector.send(55) cbs request : 30313530303230304630333832303031303838303830303030303030303030303034303030303030313636303737393930303230303030303131303030303030303030303030303630303030303030303431323032393136303630313335363036373230303031383135323230303030303431544553543132333420202020202020203335363138303030325342202020203030303739323530
[20:29:20:932] SILCBSConnector.send(65) cbs response : 303231304630333832303031304538303834303030303030303030303034303030303030313636303737393930303230303030303131303030303030303030303030303630303030303030303431323032393136303630313335363036373230303031383135323230303030303431303032393433303054455354313233342020202020202020333536303430313030313335364330303030393433313337363031303032333536433030303039343331333736303138303030325342202020203030303739323530
[20:29:20:933] SILCBSConnector.send(67) 
-----------------------------------------------------------------------------------------------------------------------
|000 : '0210'                                              |002 : '6077990020000011'                                  |
|003 : '000000'                                            |004 : '000000060000'                                      |
|011 : '000041'                                            |012 : '202916'                                            |
|013 : '0601'                                              |019 : '356'                                               |
|032 : '720001'                                            |037 : '815220000041'                                      |
|038 : '002943'                                            |039 : '00'                                                |
|041 : 'TEST1234        '                                  |049 : '356'                                               |
|054 : '1001356C0000943137601002356C000094313760'          |102 : '0002SB    00079250'                                |
-----------------------------------------------------------------------------------------------------------------------

[20:29:20:933] IssuerTransaction.run(60) issuerResponse : 00A530323130F23820010E81800000000000040000003136363037373939303032303030303031313030303030303030303030303036303030303036303131343539313630303030343132303239313630363031333536303637323030303138313532323030303030343130303239343330305445535431323334303138303531303035504F5330313035343030314D3335363138303030325342202020203030303739323530
[20:29:20:933] IssuerTransaction.run(64) issuerResponse : 
-----------------------------------------------------------------------------------------------------------------------
|000 : '0210'                                              |002 : '6077990020000011'                                  |
|003 : '000000'                                            |004 : '000000060000'                                      |
|007 : '0601145916'                                        |011 : '000041'                                            |
|012 : '202916'                                            |013 : '0601'                                              |
|019 : '356'                                               |032 : '720001'                                            |
|037 : '815220000041'                                      |038 : '002943'                                            |
|039 : '00'                                                |041 : 'TEST1234'                                          |
|048 : '051005POS01054001M'                                |049 : '356'                                               |
|102 : '0002SB    00079250'                                |                                                          |
-----------------------------------------------------------------------------------------------------------------------

[20:29:20:934] IssuerTransaction.run(65) transaction completed successfully.
