[18:24:10:204] IssuerTransaction.run(51) issuer class name : com.sil.npci.issuer.FullMagstripePurchase
[18:24:10:204] IssuerTransaction.run(53) issuerRequest : 
-----------------------------------------------------------------------------------------------------------------------
|000 : '0200'                                              |002 : '6077990020000011'                                  |
|003 : '000000'                                            |004 : '000000060000'                                      |
|007 : '0601125410'                                        |011 : '000021'                                            |
|012 : '182410'                                            |013 : '0601'                                              |
|018 : '5999'                                              |019 : '356'                                               |
|022 : '901'                                               |025 : '00'                                                |
|032 : '720001'                                            |035 : '6077990020000011=20052056500000000'                |
|037 : '815218000021'                                      |040 : '205'                                               |
|041 : 'TEST1234'                                          |042 : 'TEST12345678901'                                   |
|043 : 'RUPAY TEST SIMULATOR   MUMBAI       MHIN'          |048 : '051005POS0105800500030'                            |
|049 : '356'                                               |052 : '82479F9707525350'                                  |
|061 : '420012220039000452012AVENUE SUPERMART IND'         |                                                          |
-----------------------------------------------------------------------------------------------------------------------

[18:24:10:206] SILCBSConnector.send(48) cbs request : 
-----------------------------------------------------------------------------------------------------------------------
|000 : '0200'                                              |002 : '6077990020000011'                                  |
|003 : '000000'                                            |004 : '000000060000'                                      |
|011 : '000021'                                            |012 : '182410'                                            |
|013 : '0601'                                              |019 : '356'                                               |
|032 : '720001'                                            |037 : '815218000021'                                      |
|041 : 'TEST1234'                                          |049 : '356'                                               |
|102 : '0002SB    00079250'                                |                                                          |
-----------------------------------------------------------------------------------------------------------------------

[18:24:10:209] SILCBSConnector.send(55) cbs request : 30313530303230304630333832303031303838303830303030303030303030303034303030303030313636303737393930303230303030303131303030303030303030303030303630303030303030303231313832343130303630313335363036373230303031383135323138303030303231544553543132333420202020202020203335363138303030325342202020203030303739323530
[18:25:50:212] SILCBSConnector.send(73) null or invalid cbs response : Read timed out
[18:25:50:216] IssuerTransaction.run(60) issuerResponse : 009F30323130F23820010A81800000000000040000003136363037373939303032303030303031313030303030303030303030303036303030303036303131323534313030303030323131383234313030363031333536303637323030303138313532313830303030323139315445535431323334303138303531303035504F5330313035343030314D3335363138303030325342202020203030303739323530
[18:25:50:217] IssuerTransaction.run(64) issuerResponse : 
-----------------------------------------------------------------------------------------------------------------------
|000 : '0210'                                              |002 : '6077990020000011'                                  |
|003 : '000000'                                            |004 : '000000060000'                                      |
|007 : '0601125410'                                        |011 : '000021'                                            |
|012 : '182410'                                            |013 : '0601'                                              |
|019 : '356'                                               |032 : '720001'                                            |
|037 : '815218000021'                                      |039 : '91'                                                |
|041 : 'TEST1234'                                          |048 : '051005POS01054001M'                                |
|049 : '356'                                               |102 : '0002SB    00079250'                                |
-----------------------------------------------------------------------------------------------------------------------

[18:25:50:218] IssuerTransaction.run(65) transaction completed successfully.
