[20:21:09:387] IssuerTransaction.run(51) issuer class name : com.sil.npci.issuer.QuickEMVPurchase
[20:21:09:388] IssuerTransaction.run(53) issuerRequest : 
-----------------------------------------------------------------------------------------------------------------------
|000 : '0200'                                              |002 : '6077990020000011'                                  |
|003 : '002000'                                            |004 : '000000060000'                                      |
|007 : '0601145109'                                        |011 : '000036'                                            |
|012 : '202109'                                            |013 : '0601'                                              |
|018 : '5999'                                              |019 : '356'                                               |
|022 : '051'                                               |025 : '00'                                                |
|032 : '720001'                                            |035 : '6077990020000011=20052056500000000'                |
|037 : '815220000036'                                      |040 : '205'                                               |
|041 : 'TEST1234'                                          |042 : 'TEST12345678901'                                   |
|043 : 'RUPAY TEST SIMULATOR   MUMBAI       MHIN'          |048 : '051005POS01058005000300600015'                     |
|049 : '356'                                               |052 : '82479F9707525350'                                  |
|061 : '421112321039000452012AVENUE SUPERMART IND'         |                                                          |
-----------------------------------------------------------------------------------------------------------------------

[20:21:09:393] SILCBSConnector.send(48) cbs request : 
-----------------------------------------------------------------------------------------------------------------------
|000 : '0200'                                              |002 : '6077990020000011'                                  |
|003 : '002000'                                            |004 : '000000060000'                                      |
|011 : '000036'                                            |012 : '202109'                                            |
|013 : '0601'                                              |019 : '356'                                               |
|032 : '720001'                                            |037 : '815220000036'                                      |
|041 : 'TEST1234'                                          |049 : '356'                                               |
|102 : '0002SB    00079250'                                |                                                          |
-----------------------------------------------------------------------------------------------------------------------

[20:21:09:395] SILCBSConnector.send(55) cbs request : 30313530303230304630333832303031303838303830303030303030303030303034303030303030313636303737393930303230303030303131303032303030303030303030303630303030303030303336323032313039303630313335363036373230303031383135323230303030303336544553543132333420202020202020203335363138303030325342202020203030303739323530
[20:22:49:396] SILCBSConnector.send(73) null or invalid cbs response : Read timed out
[20:22:49:397] IssuerTransaction.run(60) issuerResponse : 006E30323130723820010A8080003136363037373939303032303030303031313030323030303030303030303036303030303036303131343531303930303030333632303231303930363031333536303637323030303138313532323030303030333639315445535431323334333536
[20:22:49:398] IssuerTransaction.run(64) issuerResponse : 
-----------------------------------------------------------------------------------------------------------------------
|000 : '0210'                                              |002 : '6077990020000011'                                  |
|003 : '002000'                                            |004 : '000000060000'                                      |
|007 : '0601145109'                                        |011 : '000036'                                            |
|012 : '202109'                                            |013 : '0601'                                              |
|019 : '356'                                               |032 : '720001'                                            |
|037 : '815220000036'                                      |039 : '91'                                                |
|041 : 'TEST1234'                                          |049 : '356'                                               |
-----------------------------------------------------------------------------------------------------------------------

[20:22:49:399] IssuerTransaction.run(65) transaction completed successfully.
