[18:31:58:916] IssuerTransaction.run(51) issuer class name : com.sil.npci.issuer.ECommercePurchase
[18:31:58:917] IssuerTransaction.run(53) issuerRequest : 
-----------------------------------------------------------------------------------------------------------------------
|000 : '0200'                                              |002 : '6677880000000004'                                  |
|003 : '000000'                                            |004 : '000000060000'                                      |
|007 : '0601130158'                                        |011 : '000029'                                            |
|012 : '183158'                                            |013 : '0601'                                              |
|014 : '1908'                                              |018 : '5999'                                              |
|019 : '356'                                               |022 : '810'                                               |
|025 : '59'                                                |032 : '720001'                                            |
|037 : '815218000029'                                      |041 : 'TEST1234'                                          |
|042 : 'TEST12345678901'                                   |043 : 'RUPAY TEST SIMULATOR   MUMBAI       MHIN'          |
|048 : '051005POS010520031230560023105800500030061030200000000000000000000524701124071042103.000.007.111                        35607702045066620170911205341|049 : '356'                                               |
|061 : '5116615GA000000452012AVENUE SUPERMART IND'         |                                                          |
-----------------------------------------------------------------------------------------------------------------------

[18:31:58:922] SILCBSConnector.send(48) cbs request : 
-----------------------------------------------------------------------------------------------------------------------
|000 : '0200'                                              |002 : '6677880000000004'                                  |
|003 : '000000'                                            |004 : '000000060000'                                      |
|011 : '000029'                                            |012 : '183158'                                            |
|013 : '0601'                                              |019 : '356'                                               |
|032 : '720001'                                            |037 : '815218000029'                                      |
|041 : 'TEST1234'                                          |049 : '356'                                               |
|102 : '0002SB    00079250'                                |                                                          |
-----------------------------------------------------------------------------------------------------------------------

[18:31:58:925] SILCBSConnector.send(55) cbs request : 30313530303230304630333832303031303838303830303030303030303030303034303030303030313636363737383830303030303030303034303030303030303030303030303630303030303030303239313833313538303630313335363036373230303031383135323138303030303239544553543132333420202020202020203335363138303030325342202020203030303739323530
[18:31:59:655] SILCBSConnector.send(65) cbs response : 303231304630333832303031304538303834303030303030303030303034303030303030313636363737383830303030303030303034303030303030303030303030303630303030303030303239313833313538303630313335363036373230303031383135323138303030303239303030303936313454455354313233342020202020202020333536303430313030313335364430303030303030303030303031303032333536443030303030303030303030303138303030325342202020203030303739323530
[18:31:59:655] SILCBSConnector.send(67) 
-----------------------------------------------------------------------------------------------------------------------
|000 : '0210'                                              |002 : '6677880000000004'                                  |
|003 : '000000'                                            |004 : '000000060000'                                      |
|011 : '000029'                                            |012 : '183158'                                            |
|013 : '0601'                                              |019 : '356'                                               |
|032 : '720001'                                            |037 : '815218000029'                                      |
|038 : '000096'                                            |039 : '14'                                                |
|041 : 'TEST1234        '                                  |049 : '356'                                               |
|054 : '1001356D0000000000001002356D000000000000'          |102 : '0002SB    00079250'                                |
-----------------------------------------------------------------------------------------------------------------------

[18:31:59:656] IssuerTransaction.run(60) issuerResponse : 00A530323130F23820010E81800000000000040000003136363637373838303030303030303030343030303030303030303030303036303030303036303131333031353830303030323931383331353830363031333536303637323030303138313532313830303030323930303030393631345445535431323334303138303531303035504F5330313035343030314D3335363138303030325342202020203030303739323530
[18:31:59:657] IssuerTransaction.run(64) issuerResponse : 
-----------------------------------------------------------------------------------------------------------------------
|000 : '0210'                                              |002 : '6677880000000004'                                  |
|003 : '000000'                                            |004 : '000000060000'                                      |
|007 : '0601130158'                                        |011 : '000029'                                            |
|012 : '183158'                                            |013 : '0601'                                              |
|019 : '356'                                               |032 : '720001'                                            |
|037 : '815218000029'                                      |038 : '000096'                                            |
|039 : '14'                                                |041 : 'TEST1234'                                          |
|048 : '051005POS01054001M'                                |049 : '356'                                               |
|102 : '0002SB    00079250'                                |                                                          |
-----------------------------------------------------------------------------------------------------------------------

[18:31:59:657] IssuerTransaction.run(65) transaction completed successfully.
