[00:12:37:603] IssuerTransaction.run(48) issuer class name : com.sil.npci.issuer.FullMagstripePurchase
[00:12:37:604] IssuerTransaction.run(50) issuerRequest : 
-----------------------------------------------------------------------------------------------------------------------
|000 : '0200'                                              |002 : '6077990020000011'                                  |
|003 : '000000'                                            |004 : '000000060000'                                      |
|007 : '0531184237'                                        |011 : '000013'                                            |
|012 : '001237'                                            |013 : '0601'                                              |
|018 : '5999'                                              |019 : '356'                                               |
|022 : '901'                                               |025 : '00'                                                |
|032 : '720001'                                            |035 : '6077990020000011=20052056500000000'                |
|037 : '815200000013'                                      |040 : '205'                                               |
|041 : 'TEST1234'                                          |042 : 'TEST12345678901'                                   |
|043 : 'RUPAY TEST SIMULATOR   MUMBAI       MHIN'          |048 : '051005POS0105800500030'                            |
|049 : '356'                                               |052 : '82479F9707525350'                                  |
|061 : '420012220039000452012AVENUE SUPERMART IND'         |                                                          |
-----------------------------------------------------------------------------------------------------------------------

[00:12:37:609] SILCBSConnector.send(51) 
-----------------------------------------------------------------------------------------------------------------------
|000 : '0200'                                              |002 : '6077990020000011'                                  |
|003 : '000000'                                            |004 : '000000060000'                                      |
|007 : '0531184237'                                        |011 : '000013'                                            |
|012 : '001237'                                            |013 : '0601'                                              |
|018 : '5999'                                              |019 : '356'                                               |
|022 : '901'                                               |025 : '00'                                                |
|032 : '720001'                                            |035 : '6077990020000011=20052056500000000'                |
|037 : '815200000013'                                      |040 : '205'                                               |
|041 : 'TEST1234'                                          |042 : 'TEST12345678901'                                   |
|043 : 'RUPAY TEST SIMULATOR   MUMBAI       MHIN'          |048 : '051005POS0105800500030'                            |
|049 : '356'                                               |052 : '82479F9707525350'                                  |
|061 : '420012220039000452012AVENUE SUPERMART IND'         |102 : '0002SB    00079250'                                |
-----------------------------------------------------------------------------------------------------------------------

[00:12:37:611] SILCBSConnector.send(58) cbs request : 30333438303230304632333836343831323945313930303830303030303030303034303030303030313636303737393930303230303030303131303030303030303030303030303630303030303533313138343233373030303031333030313233373036303135393939333536393031303030363732303030313334363037373939303032303030303031313D323030353230353635303030303030303038313532303030303030313332303554455354313233342020202020202020544553543132333435363738393031525550415920544553542053494D554C41544F522020204D554D424149202020202020204D48494E303232303531303035504F5330313035383030353030303330333536383234373946393730373532353335303034313432303031323232303033393030303435323031324156454E55452053555045524D41525420494E443138303030325342202020203030303739323530
[00:14:17:614] SILCBSConnector.send(73) null or invalid cbs response : Read timed out
[00:14:17:618] IssuerTransaction.run(57) issuerResponse : 013F30323130F23864812BE190080000000004000000313636303737393930303230303030303131303030303030303030303030303630303030303533313138343233373030303031333030313233373036303135393939333536393031303030363732303030313334363037373939303032303030303031313D323030353230353635303030303030303038313532303030303030313339313230355445535431323334544553543132333435363738393031525550415920544553542053494D554C41544F522020204D554D424149202020202020204D48494E303138303531303035504F5330313035343030314D333536383234373946393730373532353335303034313432303031323232303033393030303435323031324156454E55452053555045524D41525420494E443135313233343536373839313233343536
[00:14:17:619] IssuerTransaction.run(61) issuerResponse : 
-----------------------------------------------------------------------------------------------------------------------
|000 : '0210'                                              |002 : '6077990020000011'                                  |
|003 : '000000'                                            |004 : '000000060000'                                      |
|007 : '0531184237'                                        |011 : '000013'                                            |
|012 : '001237'                                            |013 : '0601'                                              |
|018 : '5999'                                              |019 : '356'                                               |
|022 : '901'                                               |025 : '00'                                                |
|032 : '720001'                                            |035 : '6077990020000011=20052056500000000'                |
|037 : '815200000013'                                      |039 : '91'                                                |
|040 : '205'                                               |041 : 'TEST1234'                                          |
|042 : 'TEST12345678901'                                   |043 : 'RUPAY TEST SIMULATOR   MUMBAI       MHIN'          |
|048 : '051005POS01054001M'                                |049 : '356'                                               |
|052 : '82479F9707525350'                                  |061 : '420012220039000452012AVENUE SUPERMART IND'         |
|102 : '123456789123456'                                   |                                                          |
-----------------------------------------------------------------------------------------------------------------------

[00:14:17:620] IssuerTransaction.run(62) transaction completed successfully.
