[20:34:38:109] IssuerTransaction.run(51) issuer class name : com.sil.npci.issuer.QuickEMVPurchase
[20:34:38:110] IssuerTransaction.run(53) issuerRequest : 
-----------------------------------------------------------------------------------------------------------------------
|000 : '0200'                                              |002 : '6077990020000011'                                  |
|003 : '002000'                                            |004 : '000000060000'                                      |
|007 : '0601150437'                                        |011 : '000043'                                            |
|012 : '203438'                                            |013 : '0601'                                              |
|018 : '5999'                                              |019 : '356'                                               |
|022 : '051'                                               |025 : '00'                                                |
|032 : '720001'                                            |035 : '6077990020000011=20052056500000000'                |
|037 : '815220000043'                                      |040 : '205'                                               |
|041 : 'TEST1234'                                          |042 : 'TEST12345678901'                                   |
|043 : 'RUPAY TEST SIMULATOR   MUMBAI       MHIN'          |048 : '051005POS01058005000300600015'                     |
|049 : '356'                                               |052 : '82479F9707525350'                                  |
|061 : '421112321039000452012AVENUE SUPERMART IND'         |                                                          |
-----------------------------------------------------------------------------------------------------------------------

[20:34:38:115] SILCBSConnector.send(48) cbs request : 
-----------------------------------------------------------------------------------------------------------------------
|000 : '0200'                                              |002 : '6077990020000011'                                  |
|003 : '002000'                                            |004 : '000000060000'                                      |
|011 : '000043'                                            |012 : '203438'                                            |
|013 : '0601'                                              |019 : '356'                                               |
|032 : '720001'                                            |037 : '815220000043'                                      |
|041 : 'TEST1234'                                          |049 : '356'                                               |
|102 : '0002SB    00079250'                                |                                                          |
-----------------------------------------------------------------------------------------------------------------------

[20:34:38:116] SILCBSConnector.send(55) cbs request : 30313530303230304630333832303031303838303830303030303030303030303034303030303030313636303737393930303230303030303131303032303030303030303030303630303030303030303433323033343338303630313335363036373230303031383135323230303030303433544553543132333420202020202020203335363138303030325342202020203030303739323530
[20:34:43:100] SILCBSConnector.send(65) cbs response : 303231304630333832303031304538303834303030303030303030303034303030303030313636303737393930303230303030303131303032303030303030303030303630303030303030303433323033343338303630313335363036373230303031383135323230303030303433303032393437303054455354313233342020202020202020333536303430313030313335364330303030393431393337363031303032333536433030303039343139333736303138303030325342202020203030303739323530
[20:34:43:100] SILCBSConnector.send(67) 
-----------------------------------------------------------------------------------------------------------------------
|000 : '0210'                                              |002 : '6077990020000011'                                  |
|003 : '002000'                                            |004 : '000000060000'                                      |
|011 : '000043'                                            |012 : '203438'                                            |
|013 : '0601'                                              |019 : '356'                                               |
|032 : '720001'                                            |037 : '815220000043'                                      |
|038 : '002947'                                            |039 : '00'                                                |
|041 : 'TEST1234        '                                  |049 : '356'                                               |
|054 : '1001356C0000941937601002356C000094193760'          |102 : '0002SB    00079250'                                |
-----------------------------------------------------------------------------------------------------------------------

[20:34:43:100] IssuerTransaction.run(60) issuerResponse : 008330323130723820010A8180003136363037373939303032303030303031313030323030303030303030303036303030303036303131353034333730303030343332303334333830363031333536303637323030303138313532323030303030343330305445535431323334303138303531303035504F5330313035343030314D333536
[20:34:43:101] IssuerTransaction.run(64) issuerResponse : 
-----------------------------------------------------------------------------------------------------------------------
|000 : '0210'                                              |002 : '6077990020000011'                                  |
|003 : '002000'                                            |004 : '000000060000'                                      |
|007 : '0601150437'                                        |011 : '000043'                                            |
|012 : '203438'                                            |013 : '0601'                                              |
|019 : '356'                                               |032 : '720001'                                            |
|037 : '815220000043'                                      |039 : '00'                                                |
|041 : 'TEST1234'                                          |048 : '051005POS01054001M'                                |
|049 : '356'                                               |                                                          |
-----------------------------------------------------------------------------------------------------------------------

[20:34:43:101] IssuerTransaction.run(65) transaction completed successfully.
