[18:32:34:324] IssuerTransaction.run(51) issuer class name : com.sil.npci.issuer.FullMagstripePurchase
[18:32:34:324] IssuerTransaction.run(53) issuerRequest : 
-----------------------------------------------------------------------------------------------------------------------
|000 : '0200'                                              |002 : '6077990020000011'                                  |
|003 : '000000'                                            |004 : '000000060000'                                      |
|007 : '0601130234'                                        |011 : '000030'                                            |
|012 : '183234'                                            |013 : '0601'                                              |
|018 : '5999'                                              |019 : '356'                                               |
|022 : '901'                                               |025 : '00'                                                |
|032 : '720001'                                            |035 : '6077990020000011=20052056500000000'                |
|037 : '815218000030'                                      |040 : '205'                                               |
|041 : 'TEST1234'                                          |042 : 'TEST12345678901'                                   |
|043 : 'RUPAY TEST SIMULATOR   MUMBAI       MHIN'          |048 : '051005POS0105800500030'                            |
|049 : '356'                                               |052 : '82479F9707525350'                                  |
|061 : '420012220039000452012AVENUE SUPERMART IND'         |                                                          |
-----------------------------------------------------------------------------------------------------------------------

[18:32:34:330] SILCBSConnector.send(48) cbs request : 
-----------------------------------------------------------------------------------------------------------------------
|000 : '0200'                                              |002 : '6077990020000011'                                  |
|003 : '000000'                                            |004 : '000000060000'                                      |
|011 : '000030'                                            |012 : '183234'                                            |
|013 : '0601'                                              |019 : '356'                                               |
|032 : '720001'                                            |037 : '815218000030'                                      |
|041 : 'TEST1234'                                          |049 : '356'                                               |
|102 : '0002SB    00079250'                                |                                                          |
-----------------------------------------------------------------------------------------------------------------------

[18:32:34:330] SILCBSConnector.send(55) cbs request : 30313530303230304630333832303031303838303830303030303030303030303034303030303030313636303737393930303230303030303131303030303030303030303030303630303030303030303330313833323334303630313335363036373230303031383135323138303030303330544553543132333420202020202020203335363138303030325342202020203030303739323530
[18:32:39:905] SILCBSConnector.send(65) cbs response : 303231304630333832303031304538303834303030303030303030303034303030303030313636303737393930303230303030303131303030303030303030303030303630303030303030303330313833323334303630313335363036373230303031383135323138303030303330303032393331303054455354313233342020202020202020333536303430313030313335364330303030393435353337363031303032333536433030303039343535333736303138303030325342202020203030303739323530
[18:32:39:906] SILCBSConnector.send(67) 
-----------------------------------------------------------------------------------------------------------------------
|000 : '0210'                                              |002 : '6077990020000011'                                  |
|003 : '000000'                                            |004 : '000000060000'                                      |
|011 : '000030'                                            |012 : '183234'                                            |
|013 : '0601'                                              |019 : '356'                                               |
|032 : '720001'                                            |037 : '815218000030'                                      |
|038 : '002931'                                            |039 : '00'                                                |
|041 : 'TEST1234        '                                  |049 : '356'                                               |
|054 : '1001356C0000945537601002356C000094553760'          |102 : '0002SB    00079250'                                |
-----------------------------------------------------------------------------------------------------------------------

[18:32:39:906] IssuerTransaction.run(60) issuerResponse : 00A530323130F23820010E81800000000000040000003136363037373939303032303030303031313030303030303030303030303036303030303036303131333032333430303030333031383332333430363031333536303637323030303138313532313830303030333030303239333130305445535431323334303138303531303035504F5330313035343030314D3335363138303030325342202020203030303739323530
[18:32:39:907] IssuerTransaction.run(64) issuerResponse : 
-----------------------------------------------------------------------------------------------------------------------
|000 : '0210'                                              |002 : '6077990020000011'                                  |
|003 : '000000'                                            |004 : '000000060000'                                      |
|007 : '0601130234'                                        |011 : '000030'                                            |
|012 : '183234'                                            |013 : '0601'                                              |
|019 : '356'                                               |032 : '720001'                                            |
|037 : '815218000030'                                      |038 : '002931'                                            |
|039 : '00'                                                |041 : 'TEST1234'                                          |
|048 : '051005POS01054001M'                                |049 : '356'                                               |
|102 : '0002SB    00079250'                                |                                                          |
-----------------------------------------------------------------------------------------------------------------------

[18:32:39:907] IssuerTransaction.run(65) transaction completed successfully.
