[21:38:22:192] IssuerTransaction.run(51) issuer class name : com.sil.npci.issuer.ECommercePurchase
[21:38:22:193] IssuerTransaction.run(53) issuerRequest : 
-----------------------------------------------------------------------------------------------------------------------
|000 : '0200'                                              |002 : '6077990020000011'                                  |
|003 : '000000'                                            |004 : '000000060000'                                      |
|007 : '0601160822'                                        |011 : '000051'                                            |
|012 : '213822'                                            |013 : '0601'                                              |
|014 : '2005'                                              |018 : '5999'                                              |
|019 : '356'                                               |022 : '810'                                               |
|025 : '59'                                                |032 : '720001'                                            |
|037 : '815221000051'                                      |041 : 'TEST1234'                                          |
|042 : 'TEST12345678901'                                   |043 : 'RUPAY TEST SIMULATOR   MUMBAI       MHIN'          |
|048 : '051005POS010520031230560023105800500030061030200000000000000000000524701124071042103.000.007.111                        35607702045066620170911205341|049 : '356'                                               |
|061 : '5116615GA000000452012AVENUE SUPERMART IND'         |                                                          |
-----------------------------------------------------------------------------------------------------------------------

[21:38:22:199] SILCBSConnector.send(35) {
  "mti": "0200",
  "pan": "6077990020000011",
  "pcode": "000000",
  "amount": "000000060000",
  "de7": "0601160822",
  "stan": "000051",
  "time": "213822",
  "day": "0601",
  "countrycode": "356",
  "acqid": "720001",
  "rrn": "815221000051",
  "tid": "TEST1234",
  "currencycode": "356",
  "account": "0002SB    00079250"
}
[21:38:22:199] SILCBSConnector.send(51) cbs request : 
-----------------------------------------------------------------------------------------------------------------------
|000 : '0200'                                              |002 : '6077990020000011'                                  |
|003 : '000000'                                            |004 : '000000060000'                                      |
|011 : '000051'                                            |012 : '213822'                                            |
|013 : '0601'                                              |019 : '356'                                               |
|032 : '720001'                                            |037 : '815221000051'                                      |
|041 : 'TEST1234'                                          |049 : '356'                                               |
|102 : '0002SB    00079250'                                |                                                          |
-----------------------------------------------------------------------------------------------------------------------

[21:38:22:200] SILCBSConnector.send(58) cbs request : 30313530303230304630333832303031303838303830303030303030303030303034303030303030313636303737393930303230303030303131303030303030303030303030303630303030303030303531323133383232303630313335363036373230303031383135323231303030303531544553543132333420202020202020203335363138303030325342202020203030303739323530
[21:38:26:993] SILCBSConnector.send(68) cbs response : 303231304630333832303031304538303834303030303030303030303034303030303030313636303737393930303230303030303131303030303030303030303030303630303030303030303531323133383232303630313335363036373230303031383135323231303030303531303032393533303054455354313233342020202020202020333536303430313030313335364330303030393430313337363031303032333536433030303039343031333736303138303030325342202020203030303739323530
[21:38:26:993] SILCBSConnector.send(70) 
-----------------------------------------------------------------------------------------------------------------------
|000 : '0210'                                              |002 : '6077990020000011'                                  |
|003 : '000000'                                            |004 : '000000060000'                                      |
|011 : '000051'                                            |012 : '213822'                                            |
|013 : '0601'                                              |019 : '356'                                               |
|032 : '720001'                                            |037 : '815221000051'                                      |
|038 : '002953'                                            |039 : '00'                                                |
|041 : 'TEST1234        '                                  |049 : '356'                                               |
|054 : '1001356C0000940137601002356C000094013760'          |102 : '0002SB    00079250'                                |
-----------------------------------------------------------------------------------------------------------------------

[21:38:26:994] SILCBSConnector.send(75) {
  "authcode": "002953",
  "responsecode": "00",
  "balance": 0.0
}
[21:38:26:994] IssuerTransaction.run(60) issuerResponse : 00A530323130F23820010E81800000000000040000003136363037373939303032303030303031313030303030303030303030303036303030303036303131363038323230303030353132313338323230363031333536303637323030303138313532323130303030353130303239353330305445535431323334303138303531303035504F5330313035343030314D3335363138303030325342202020203030303739323530
[21:38:26:995] IssuerTransaction.run(64) issuerResponse : 
-----------------------------------------------------------------------------------------------------------------------
|000 : '0210'                                              |002 : '6077990020000011'                                  |
|003 : '000000'                                            |004 : '000000060000'                                      |
|007 : '0601160822'                                        |011 : '000051'                                            |
|012 : '213822'                                            |013 : '0601'                                              |
|019 : '356'                                               |032 : '720001'                                            |
|037 : '815221000051'                                      |038 : '002953'                                            |
|039 : '00'                                                |041 : 'TEST1234'                                          |
|048 : '051005POS01054001M'                                |049 : '356'                                               |
|102 : '0002SB    00079250'                                |                                                          |
-----------------------------------------------------------------------------------------------------------------------

[21:38:26:995] IssuerTransaction.run(65) transaction completed successfully.
