[02:19:28:423] NPCIConnector.run(78) {
  "acquirerId": "607742",
  "bankName": "SWIFTCOREPAYMENT",
  "isAcquirer": true,
  "isIssuer": true,
  "acquiringIp": "10.100.10.141",
  "acquiringPort": 6789,
  "cbsIp": "10.101.10.236",
  "cbsPort": 9200,
  "npciIp": "10.101.10.236",
  "npciPort": 1234,
  "dataSourceName": "SWIFTCOREPAYMENT",
  "offsetType": "IBM",
  "isActive": false
}
[02:19:28:516] NPCIConnector.initSocket(238) connection to 10.101.10.236:1234
[02:19:28:516] NPCIConnector.run(82) npci socket connection status : true
[02:19:53:665] NPCIConnector.run(98) message from npci : 3038313082200000020000000400000000000000303532373032313935333335303435373030303031
[02:19:53:665] NPCIConnector.run(102) message from npci : 
-----------------------------------------------------------------------------------------------------------------------
|000 : '0810'                                              |007 : '0527021953'                                        |
|011 : '350457'                                            |039 : '00'                                                |
|070 : '001'                                               |                                                          |
-----------------------------------------------------------------------------------------------------------------------

[02:19:53:665] NPCIConnector.run(141) false
[02:19:58:700] NPCIConnector.run(98) message from npci : 3038313082200000020000000400000000000000303532373032313935383536313133304349333031
[02:19:58:701] NPCIConnector.run(102) message from npci : 
-----------------------------------------------------------------------------------------------------------------------
|000 : '0810'                                              |007 : '0527021958'                                        |
|011 : '561130'                                            |039 : 'CI'                                                |
|070 : '301'                                               |                                                          |
-----------------------------------------------------------------------------------------------------------------------

[02:19:58:701] NPCIConnector.run(141) false
[02:20:48:703] NPCIConnector.run(98) message from npci : 3038313082200000020000000400000000000000303532373032323034383935343731364349333031
[02:20:48:704] NPCIConnector.run(102) message from npci : 
-----------------------------------------------------------------------------------------------------------------------
|000 : '0810'                                              |007 : '0527022048'                                        |
|011 : '954716'                                            |039 : 'CI'                                                |
|070 : '301'                                               |                                                          |
-----------------------------------------------------------------------------------------------------------------------

[02:20:48:704] NPCIConnector.run(141) false
[02:21:38:699] NPCIConnector.run(98) message from npci : 3038313082200000020000000400000000000000303532373032323133383838333037374349333031
[02:21:38:699] NPCIConnector.run(102) message from npci : 
-----------------------------------------------------------------------------------------------------------------------
|000 : '0810'                                              |007 : '0527022138'                                        |
|011 : '883077'                                            |039 : 'CI'                                                |
|070 : '301'                                               |                                                          |
-----------------------------------------------------------------------------------------------------------------------

[02:21:38:699] NPCIConnector.run(141) false
[02:22:28:702] NPCIConnector.run(98) message from npci : 3038313082200000020000000400000000000000303532373032323232383239323838363030333031
[02:22:28:702] NPCIConnector.run(102) message from npci : 
-----------------------------------------------------------------------------------------------------------------------
|000 : '0810'                                              |007 : '0527022228'                                        |
|011 : '292886'                                            |039 : '00'                                                |
|070 : '301'                                               |                                                          |
-----------------------------------------------------------------------------------------------------------------------

[02:22:28:702] NPCIConnector.run(141) false
[02:22:35:582] NPCIConnector.run(98) message from npci : 303230307238648129E19008313636303737393930303230303030303131303030303030303030303030303630303030303532363230353233353030303030333032323233353035323735393939333536393031303030363732303030313334363037373939303032303030303031313D32303035323035363530303030303030303831343730323030303030333230355445535431323334544553543132333435363738393031525550415920544553542053494D554C41544F522020204D554D424149202020202020204D48494E303232303531303035504F5330313035383030353030303330333536383234373946393730373532353335303034313432303031323232303033393030303435323031324156454E55452053555045524D41525420494E44
[02:22:35:584] NPCIConnector.run(102) message from npci : 
-----------------------------------------------------------------------------------------------------------------------
|000 : '0200'                                              |002 : '6077990020000011'                                  |
|003 : '000000'                                            |004 : '000000060000'                                      |
|007 : '0526205235'                                        |011 : '000003'                                            |
|012 : '022235'                                            |013 : '0527'                                              |
|018 : '5999'                                              |019 : '356'                                               |
|022 : '901'                                               |025 : '00'                                                |
|032 : '720001'                                            |035 : '6077990020000011=20052056500000000'                |
|037 : '814702000003'                                      |040 : '205'                                               |
|041 : 'TEST1234'                                          |042 : 'TEST12345678901'                                   |
|043 : 'RUPAY TEST SIMULATOR   MUMBAI       MHIN'          |048 : '051005POS0105800500030'                            |
|049 : '356'                                               |052 : '82479F9707525350'                                  |
|061 : '420012220039000452012AVENUE SUPERMART IND'         |                                                          |
-----------------------------------------------------------------------------------------------------------------------

[02:34:57:112] NPCIConnector.run(78) {
  "acquirerId": "607742",
  "bankName": "SWIFTCOREPAYMENT",
  "isAcquirer": true,
  "isIssuer": true,
  "acquiringIp": "10.100.10.141",
  "acquiringPort": 6789,
  "cbsIp": "10.101.10.236",
  "cbsPort": 9200,
  "npciIp": "10.101.10.236",
  "npciPort": 1234,
  "dataSourceName": "SWIFTCOREPAYMENT",
  "offsetType": "IBM",
  "isActive": false
}
[02:34:57:189] NPCIConnector.initSocket(238) connection to 10.101.10.236:1234
[02:34:57:190] NPCIConnector.run(82) npci socket connection status : true
