[11:24:24:243] NPCIConnector.run(78) {
  "acquirerId": "607742",
  "bankName": "SWIFTCOREPAYMENT",
  "isAcquirer": true,
  "isIssuer": true,
  "acquiringIp": "10.100.10.141",
  "acquiringPort": 6789,
  "cbsIp": "10.101.10.236",
  "cbsPort": 9200,
  "npciIp": "10.101.10.236",
  "npciPort": 1234,
  "dataSourceName": "SWIFTCOREPAYMENT",
  "offsetType": "IBM",
  "isActive": false
}
[11:24:24:334] NPCIConnector.initSocket(238) connection to 10.101.10.236:1234
[11:24:24:334] NPCIConnector.run(82) npci socket connection status : true
[11:24:26:413] NPCIConnector.receive(206) unexpected socket break
[11:24:26:413] NPCIConnector.run(93) continue to main either sockbreak
[11:24:26:414] NPCIConnector.initSocket(238) connection to 10.101.10.236:1234
[11:24:26:414] NPCIConnector.run(82) npci socket connection status : true
[11:24:28:427] NPCIConnector.receive(206) unexpected socket break
[11:24:28:427] NPCIConnector.run(93) continue to main either sockbreak
[11:24:28:428] NPCIConnector.initSocket(238) connection to 10.101.10.236:1234
[11:24:28:428] NPCIConnector.run(82) npci socket connection status : true
[11:24:30:417] NPCIConnector.receive(216) error receiving message from npci socketexception : Connection reset
[11:24:30:418] NPCIConnector.run(93) continue to main either sockbreak
[11:24:30:418] NPCIConnector.initSocket(238) connection to 10.101.10.236:1234
[11:24:30:418] NPCIConnector.run(82) npci socket connection status : true
[11:24:32:430] NPCIConnector.receive(206) unexpected socket break
[11:24:32:430] NPCIConnector.run(93) continue to main either sockbreak
[11:24:32:431] NPCIConnector.initSocket(238) connection to 10.101.10.236:1234
[11:24:32:431] NPCIConnector.run(82) npci socket connection status : true
[11:24:34:440] NPCIConnector.receive(206) unexpected socket break
[11:24:34:440] NPCIConnector.run(93) continue to main either sockbreak
[11:24:34:441] NPCIConnector.initSocket(238) connection to 10.101.10.236:1234
[11:24:34:441] NPCIConnector.run(82) npci socket connection status : true
[11:24:36:453] NPCIConnector.receive(206) unexpected socket break
[11:24:36:453] NPCIConnector.run(93) continue to main either sockbreak
[11:24:36:454] NPCIConnector.initSocket(238) connection to 10.101.10.236:1234
[11:24:36:454] NPCIConnector.run(82) npci socket connection status : true
[11:24:38:465] NPCIConnector.receive(206) unexpected socket break
[11:24:38:465] NPCIConnector.run(93) continue to main either sockbreak
[11:24:38:466] NPCIConnector.initSocket(238) connection to 10.101.10.236:1234
[11:24:38:466] NPCIConnector.run(82) npci socket connection status : true
[19:17:11:502] NPCIConnector.run(78) {
  "acquirerId": "607742",
  "bankName": "SWIFTCOREPAYMENT",
  "isAcquirer": true,
  "isIssuer": true,
  "acquiringIp": "10.100.10.141",
  "acquiringPort": 6789,
  "cbsIp": "10.101.10.236",
  "cbsPort": 9200,
  "npciIp": "10.101.10.236",
  "npciPort": 1234,
  "dataSourceName": "SWIFTCOREPAYMENT",
  "offsetType": "IBM",
  "isActive": false
}
[19:17:11:621] NPCIConnector.initSocket(238) connection to 10.101.10.236:1234
[19:17:11:622] NPCIConnector.run(82) npci socket connection status : true
[19:17:43:095] NPCIConnector.run(78) {
  "acquirerId": "607742",
  "bankName": "SWIFTCOREPAYMENT",
  "isAcquirer": true,
  "isIssuer": true,
  "acquiringIp": "10.100.10.141",
  "acquiringPort": 6789,
  "cbsIp": "10.101.10.236",
  "cbsPort": 9200,
  "npciIp": "10.101.10.236",
  "npciPort": 1234,
  "dataSourceName": "SWIFTCOREPAYMENT",
  "offsetType": "IBM",
  "isActive": false
}
[19:17:43:203] NPCIConnector.initSocket(238) connection to 10.101.10.236:1234
[19:17:43:204] NPCIConnector.run(82) npci socket connection status : true
[19:28:06:383] NPCIConnector.run(78) {
  "acquirerId": "607742",
  "bankName": "SWIFTCOREPAYMENT",
  "isAcquirer": true,
  "isIssuer": true,
  "acquiringIp": "10.100.10.141",
  "acquiringPort": 6789,
  "cbsIp": "10.101.10.236",
  "cbsPort": 9200,
  "npciIp": "10.101.10.236",
  "npciPort": 1234,
  "dataSourceName": "SWIFTCOREPAYMENT",
  "offsetType": "IBM",
  "isActive": false
}
[19:28:06:472] NPCIConnector.initSocket(238) connection to 10.101.10.236:1234
[19:28:06:473] NPCIConnector.run(82) npci socket connection status : true
[19:29:44:371] NPCIConnector.run(78) {
  "acquirerId": "607742",
  "bankName": "SWIFTCOREPAYMENT",
  "isAcquirer": true,
  "isIssuer": true,
  "acquiringIp": "10.100.10.141",
  "acquiringPort": 6789,
  "cbsIp": "10.101.10.236",
  "cbsPort": 9200,
  "npciIp": "10.101.10.236",
  "npciPort": 1234,
  "dataSourceName": "SWIFTCOREPAYMENT",
  "offsetType": "IBM",
  "isActive": false
}
[19:29:44:466] NPCIConnector.initSocket(238) connection to 10.101.10.236:1234
[19:29:44:470] NPCIConnector.run(82) npci socket connection status : true
[19:30:37:462] NPCIConnector.run(78) {
  "acquirerId": "607742",
  "bankName": "SWIFTCOREPAYMENT",
  "isAcquirer": true,
  "isIssuer": true,
  "acquiringIp": "10.100.10.141",
  "acquiringPort": 6789,
  "cbsIp": "10.101.10.236",
  "cbsPort": 9200,
  "npciIp": "10.101.10.236",
  "npciPort": 1234,
  "dataSourceName": "SWIFTCOREPAYMENT",
  "offsetType": "IBM",
  "isActive": false
}
[19:30:37:537] NPCIConnector.initSocket(238) connection to 10.101.10.236:1234
[19:30:37:538] NPCIConnector.run(82) npci socket connection status : true
[22:54:53:603] NPCIConnector.run(78) {
  "acquirerId": "607742",
  "bankName": "SWIFTCOREPAYMENT",
  "isAcquirer": true,
  "isIssuer": true,
  "acquiringIp": "10.100.10.141",
  "acquiringPort": 6789,
  "cbsIp": "10.101.10.236",
  "cbsPort": 9200,
  "npciIp": "10.101.10.236",
  "npciPort": 1234,
  "dataSourceName": "SWIFTCOREPAYMENT",
  "offsetType": "IBM",
  "isActive": false
}
[22:54:53:676] NPCIConnector.initSocket(238) connection to 10.101.10.236:1234
[22:54:53:677] NPCIConnector.run(82) npci socket connection status : true
[22:54:55:737] NPCIConnector.receive(206) unexpected socket break
[22:54:55:738] NPCIConnector.run(93) continue to main either sockbreak
[22:54:55:738] NPCIConnector.initSocket(238) connection to 10.101.10.236:1234
[22:54:55:738] NPCIConnector.run(82) npci socket connection status : true
[22:54:57:749] NPCIConnector.receive(206) unexpected socket break
[22:54:57:749] NPCIConnector.run(93) continue to main either sockbreak
[22:54:57:750] NPCIConnector.initSocket(238) connection to 10.101.10.236:1234
[22:54:57:750] NPCIConnector.run(82) npci socket connection status : true
[22:54:59:757] NPCIConnector.receive(216) error receiving message from npci socketexception : Connection reset
[22:54:59:757] NPCIConnector.run(93) continue to main either sockbreak
[22:54:59:757] NPCIConnector.initSocket(238) connection to 10.101.10.236:1234
[22:54:59:757] NPCIConnector.run(82) npci socket connection status : true
[22:55:01:766] NPCIConnector.receive(206) unexpected socket break
[22:55:01:766] NPCIConnector.run(93) continue to main either sockbreak
[22:55:01:766] NPCIConnector.initSocket(238) connection to 10.101.10.236:1234
[22:55:01:766] NPCIConnector.run(82) npci socket connection status : true
[22:55:03:774] NPCIConnector.receive(206) unexpected socket break
[22:55:03:774] NPCIConnector.run(93) continue to main either sockbreak
[22:55:03:775] NPCIConnector.initSocket(238) connection to 10.101.10.236:1234
[22:55:03:775] NPCIConnector.run(82) npci socket connection status : true
[22:55:05:780] NPCIConnector.receive(206) unexpected socket break
[22:55:05:780] NPCIConnector.run(93) continue to main either sockbreak
[22:55:05:781] NPCIConnector.initSocket(238) connection to 10.101.10.236:1234
[22:55:05:781] NPCIConnector.run(82) npci socket connection status : true
[22:55:07:788] NPCIConnector.receive(206) unexpected socket break
[22:55:07:788] NPCIConnector.run(93) continue to main either sockbreak
[22:55:07:789] NPCIConnector.initSocket(238) connection to 10.101.10.236:1234
[22:55:07:789] NPCIConnector.run(82) npci socket connection status : true
[22:55:09:798] NPCIConnector.receive(216) error receiving message from npci socketexception : Connection reset
[22:55:09:798] NPCIConnector.run(93) continue to main either sockbreak
[22:55:09:799] NPCIConnector.initSocket(238) connection to 10.101.10.236:1234
[22:55:09:799] NPCIConnector.run(82) npci socket connection status : true
[22:55:11:809] NPCIConnector.receive(206) unexpected socket break
[22:55:11:809] NPCIConnector.run(93) continue to main either sockbreak
[22:55:11:810] NPCIConnector.initSocket(238) connection to 10.101.10.236:1234
[22:55:11:810] NPCIConnector.run(82) npci socket connection status : true
[22:55:13:818] NPCIConnector.receive(206) unexpected socket break
[22:55:13:818] NPCIConnector.run(93) continue to main either sockbreak
[22:55:13:818] NPCIConnector.initSocket(238) connection to 10.101.10.236:1234
[22:55:13:818] NPCIConnector.run(82) npci socket connection status : true
[22:55:15:831] NPCIConnector.receive(206) unexpected socket break
[22:55:15:831] NPCIConnector.run(93) continue to main either sockbreak
[22:55:15:832] NPCIConnector.initSocket(238) connection to 10.101.10.236:1234
[22:55:15:832] NPCIConnector.run(82) npci socket connection status : true
[23:31:09:999] NPCIConnector.run(78) {
  "acquirerId": "607742",
  "bankName": "SWIFTCOREPAYMENT",
  "isAcquirer": true,
  "isIssuer": true,
  "acquiringIp": "10.100.10.141",
  "acquiringPort": 6789,
  "cbsIp": "10.101.10.236",
  "cbsPort": 9200,
  "npciIp": "10.101.10.236",
  "npciPort": 1234,
  "dataSourceName": "SWIFTCOREPAYMENT",
  "offsetType": "IBM",
  "isActive": false
}
[23:31:10:108] NPCIConnector.initSocket(238) connection to 10.101.10.236:1234
[23:31:10:109] NPCIConnector.run(82) npci socket connection status : true
[23:31:12:212] NPCIConnector.receive(206) unexpected socket break
[23:31:12:212] NPCIConnector.run(93) continue to main either sockbreak
[23:31:12:212] NPCIConnector.initSocket(238) connection to 10.101.10.236:1234
[23:31:12:212] NPCIConnector.run(82) npci socket connection status : true
[23:31:14:219] NPCIConnector.receive(206) unexpected socket break
[23:31:14:219] NPCIConnector.run(93) continue to main either sockbreak
[23:31:14:220] NPCIConnector.initSocket(238) connection to 10.101.10.236:1234
[23:31:14:220] NPCIConnector.run(82) npci socket connection status : true
[23:31:16:240] NPCIConnector.receive(216) error receiving message from npci socketexception : Connection reset
[23:31:16:240] NPCIConnector.run(93) continue to main either sockbreak
[23:31:16:240] NPCIConnector.initSocket(238) connection to 10.101.10.236:1234
[23:31:16:240] NPCIConnector.run(82) npci socket connection status : true
[23:31:18:247] NPCIConnector.receive(206) unexpected socket break
[23:31:18:247] NPCIConnector.run(93) continue to main either sockbreak
[23:31:18:248] NPCIConnector.initSocket(238) connection to 10.101.10.236:1234
[23:31:18:248] NPCIConnector.run(82) npci socket connection status : true
[23:31:20:256] NPCIConnector.receive(206) unexpected socket break
[23:31:20:256] NPCIConnector.run(93) continue to main either sockbreak
[23:31:20:257] NPCIConnector.initSocket(238) connection to 10.101.10.236:1234
[23:31:20:257] NPCIConnector.run(82) npci socket connection status : true
[23:31:22:267] NPCIConnector.receive(206) unexpected socket break
[23:31:22:267] NPCIConnector.run(93) continue to main either sockbreak
[23:31:22:268] NPCIConnector.initSocket(238) connection to 10.101.10.236:1234
[23:31:22:268] NPCIConnector.run(82) npci socket connection status : true
[23:31:24:277] NPCIConnector.receive(206) unexpected socket break
[23:31:24:277] NPCIConnector.run(93) continue to main either sockbreak
[23:31:24:278] NPCIConnector.initSocket(238) connection to 10.101.10.236:1234
[23:31:24:278] NPCIConnector.run(82) npci socket connection status : true
[23:31:26:184] NPCIConnector.receive(216) error receiving message from npci socketexception : Connection reset
[23:31:26:184] NPCIConnector.run(93) continue to main either sockbreak
[23:31:26:185] NPCIConnector.initSocket(238) connection to 10.101.10.236:1234
[23:31:26:185] NPCIConnector.run(82) npci socket connection status : true
[23:31:28:192] NPCIConnector.receive(206) unexpected socket break
[23:31:28:192] NPCIConnector.run(93) continue to main either sockbreak
[23:31:28:193] NPCIConnector.initSocket(238) connection to 10.101.10.236:1234
[23:31:28:193] NPCIConnector.run(82) npci socket connection status : true
[23:31:30:202] NPCIConnector.receive(206) unexpected socket break
[23:31:30:202] NPCIConnector.run(93) continue to main either sockbreak
[23:31:30:202] NPCIConnector.initSocket(238) connection to 10.101.10.236:1234
[23:31:30:202] NPCIConnector.run(82) npci socket connection status : true
[23:31:38:060] NPCIConnector.run(78) {
  "acquirerId": "607742",
  "bankName": "SWIFTCOREPAYMENT",
  "isAcquirer": true,
  "isIssuer": true,
  "acquiringIp": "10.100.10.141",
  "acquiringPort": 6789,
  "cbsIp": "10.101.10.236",
  "cbsPort": 9200,
  "npciIp": "10.101.10.236",
  "npciPort": 1234,
  "dataSourceName": "SWIFTCOREPAYMENT",
  "offsetType": "IBM",
  "isActive": false
}
[23:31:38:159] NPCIConnector.initSocket(238) connection to 10.101.10.236:1234
[23:31:38:159] NPCIConnector.run(82) npci socket connection status : true
[23:31:40:200] NPCIConnector.receive(206) unexpected socket break
[23:31:40:200] NPCIConnector.run(93) continue to main either sockbreak
[23:31:40:201] NPCIConnector.initSocket(238) connection to 10.101.10.236:1234
[23:31:40:201] NPCIConnector.run(82) npci socket connection status : true
[23:31:42:226] NPCIConnector.receive(206) unexpected socket break
[23:31:42:227] NPCIConnector.run(93) continue to main either sockbreak
[23:31:42:227] NPCIConnector.initSocket(238) connection to 10.101.10.236:1234
[23:31:42:227] NPCIConnector.run(82) npci socket connection status : true
[23:31:44:235] NPCIConnector.receive(216) error receiving message from npci socketexception : Connection reset
[23:31:44:235] NPCIConnector.run(93) continue to main either sockbreak
[23:31:44:235] NPCIConnector.initSocket(238) connection to 10.101.10.236:1234
[23:31:44:235] NPCIConnector.run(82) npci socket connection status : true
[23:31:46:243] NPCIConnector.receive(206) unexpected socket break
[23:31:46:243] NPCIConnector.run(93) continue to main either sockbreak
[23:31:46:243] NPCIConnector.initSocket(238) connection to 10.101.10.236:1234
[23:31:46:244] NPCIConnector.run(82) npci socket connection status : true
[23:31:48:252] NPCIConnector.receive(206) unexpected socket break
[23:31:48:252] NPCIConnector.run(93) continue to main either sockbreak
[23:31:48:253] NPCIConnector.initSocket(238) connection to 10.101.10.236:1234
[23:31:48:253] NPCIConnector.run(82) npci socket connection status : true
[23:31:50:263] NPCIConnector.receive(206) unexpected socket break
[23:31:50:263] NPCIConnector.run(93) continue to main either sockbreak
[23:31:50:264] NPCIConnector.initSocket(238) connection to 10.101.10.236:1234
[23:31:50:264] NPCIConnector.run(82) npci socket connection status : true
[23:31:52:273] NPCIConnector.receive(206) unexpected socket break
[23:31:52:273] NPCIConnector.run(93) continue to main either sockbreak
[23:31:52:273] NPCIConnector.initSocket(238) connection to 10.101.10.236:1234
[23:31:52:273] NPCIConnector.run(82) npci socket connection status : true
[23:31:54:281] NPCIConnector.receive(216) error receiving message from npci socketexception : Connection reset
[23:31:54:281] NPCIConnector.run(93) continue to main either sockbreak
[23:31:54:281] NPCIConnector.initSocket(238) connection to 10.101.10.236:1234
[23:31:54:281] NPCIConnector.run(82) npci socket connection status : true
[23:31:56:291] NPCIConnector.receive(206) unexpected socket break
[23:31:56:291] NPCIConnector.run(93) continue to main either sockbreak
[23:31:56:292] NPCIConnector.initSocket(238) connection to 10.101.10.236:1234
[23:31:56:292] NPCIConnector.run(82) npci socket connection status : true
[23:31:58:301] NPCIConnector.receive(206) unexpected socket break
[23:31:58:301] NPCIConnector.run(93) continue to main either sockbreak
[23:31:58:302] NPCIConnector.initSocket(238) connection to 10.101.10.236:1234
[23:31:58:302] NPCIConnector.run(82) npci socket connection status : true
[23:32:00:311] NPCIConnector.receive(206) unexpected socket break
[23:32:00:311] NPCIConnector.run(93) continue to main either sockbreak
[23:32:00:312] NPCIConnector.initSocket(238) connection to 10.101.10.236:1234
[23:32:00:312] NPCIConnector.run(82) npci socket connection status : true
[23:32:02:319] NPCIConnector.receive(206) unexpected socket break
[23:32:02:319] NPCIConnector.run(93) continue to main either sockbreak
[23:32:02:320] NPCIConnector.initSocket(238) connection to 10.101.10.236:1234
[23:32:02:320] NPCIConnector.run(82) npci socket connection status : true
[23:32:04:229] NPCIConnector.receive(216) error receiving message from npci socketexception : Connection reset
[23:32:04:230] NPCIConnector.run(93) continue to main either sockbreak
[23:32:04:230] NPCIConnector.initSocket(238) connection to 10.101.10.236:1234
[23:32:04:230] NPCIConnector.run(82) npci socket connection status : true
[23:32:06:237] NPCIConnector.receive(206) unexpected socket break
[23:32:06:237] NPCIConnector.run(93) continue to main either sockbreak
[23:32:06:238] NPCIConnector.initSocket(238) connection to 10.101.10.236:1234
[23:32:06:238] NPCIConnector.run(82) npci socket connection status : true
[23:32:08:246] NPCIConnector.receive(206) unexpected socket break
[23:32:08:246] NPCIConnector.run(93) continue to main either sockbreak
[23:32:08:246] NPCIConnector.initSocket(238) connection to 10.101.10.236:1234
[23:32:08:246] NPCIConnector.run(82) npci socket connection status : true
[23:32:10:256] NPCIConnector.receive(206) unexpected socket break
[23:32:10:256] NPCIConnector.run(93) continue to main either sockbreak
[23:32:10:257] NPCIConnector.initSocket(238) connection to 10.101.10.236:1234
[23:32:10:257] NPCIConnector.run(82) npci socket connection status : true
[23:32:12:264] NPCIConnector.receive(206) unexpected socket break
[23:32:12:264] NPCIConnector.run(93) continue to main either sockbreak
[23:32:12:264] NPCIConnector.initSocket(238) connection to 10.101.10.236:1234
[23:32:12:265] NPCIConnector.run(82) npci socket connection status : true
[23:32:14:278] NPCIConnector.receive(216) error receiving message from npci socketexception : Connection reset
[23:32:14:278] NPCIConnector.run(93) continue to main either sockbreak
[23:32:14:286] NPCIConnector.initSocket(238) connection to 10.101.10.236:1234
[23:32:14:287] NPCIConnector.run(82) npci socket connection status : true
[23:32:16:317] NPCIConnector.receive(206) unexpected socket break
[23:32:16:317] NPCIConnector.run(93) continue to main either sockbreak
[23:32:16:317] NPCIConnector.initSocket(238) connection to 10.101.10.236:1234
[23:32:16:318] NPCIConnector.run(82) npci socket connection status : true
[23:32:18:327] NPCIConnector.receive(206) unexpected socket break
[23:32:18:327] NPCIConnector.run(93) continue to main either sockbreak
[23:32:18:328] NPCIConnector.initSocket(238) connection to 10.101.10.236:1234
[23:32:18:328] NPCIConnector.run(82) npci socket connection status : true
[23:32:20:336] NPCIConnector.receive(206) unexpected socket break
[23:32:20:336] NPCIConnector.run(93) continue to main either sockbreak
[23:32:20:336] NPCIConnector.initSocket(238) connection to 10.101.10.236:1234
[23:32:20:337] NPCIConnector.run(82) npci socket connection status : true
[23:32:22:345] NPCIConnector.receive(206) unexpected socket break
[23:32:22:345] NPCIConnector.run(93) continue to main either sockbreak
[23:32:22:345] NPCIConnector.initSocket(238) connection to 10.101.10.236:1234
[23:32:22:346] NPCIConnector.run(82) npci socket connection status : true
[23:32:24:255] NPCIConnector.receive(216) error receiving message from npci socketexception : Connection reset
[23:32:24:256] NPCIConnector.run(93) continue to main either sockbreak
[23:32:24:256] NPCIConnector.initSocket(238) connection to 10.101.10.236:1234
[23:32:24:256] NPCIConnector.run(82) npci socket connection status : true
[23:32:26:263] NPCIConnector.receive(206) unexpected socket break
[23:32:26:263] NPCIConnector.run(93) continue to main either sockbreak
[23:32:26:263] NPCIConnector.initSocket(238) connection to 10.101.10.236:1234
[23:32:26:264] NPCIConnector.run(82) npci socket connection status : true
[23:32:28:272] NPCIConnector.receive(206) unexpected socket break
[23:32:28:272] NPCIConnector.run(93) continue to main either sockbreak
[23:32:28:273] NPCIConnector.initSocket(238) connection to 10.101.10.236:1234
[23:32:28:273] NPCIConnector.run(82) npci socket connection status : true
[23:32:30:278] NPCIConnector.receive(206) unexpected socket break
[23:32:30:278] NPCIConnector.run(93) continue to main either sockbreak
[23:32:30:279] NPCIConnector.initSocket(238) connection to 10.101.10.236:1234
[23:32:30:279] NPCIConnector.run(82) npci socket connection status : true
[23:32:32:288] NPCIConnector.receive(206) unexpected socket break
[23:32:32:288] NPCIConnector.run(93) continue to main either sockbreak
[23:32:32:289] NPCIConnector.initSocket(238) connection to 10.101.10.236:1234
[23:32:32:289] NPCIConnector.run(82) npci socket connection status : true
[23:32:34:295] NPCIConnector.receive(216) error receiving message from npci socketexception : Connection reset
[23:32:34:296] NPCIConnector.run(93) continue to main either sockbreak
[23:32:34:296] NPCIConnector.initSocket(238) connection to 10.101.10.236:1234
[23:32:34:296] NPCIConnector.run(82) npci socket connection status : true
[23:32:36:305] NPCIConnector.receive(206) unexpected socket break
[23:32:36:305] NPCIConnector.run(93) continue to main either sockbreak
[23:32:36:306] NPCIConnector.initSocket(238) connection to 10.101.10.236:1234
[23:32:36:306] NPCIConnector.run(82) npci socket connection status : true
[23:32:38:314] NPCIConnector.receive(206) unexpected socket break
[23:32:38:314] NPCIConnector.run(93) continue to main either sockbreak
[23:32:38:314] NPCIConnector.initSocket(238) connection to 10.101.10.236:1234
[23:32:38:315] NPCIConnector.run(82) npci socket connection status : true
[23:32:40:325] NPCIConnector.receive(206) unexpected socket break
[23:32:40:325] NPCIConnector.run(93) continue to main either sockbreak
[23:32:40:325] NPCIConnector.initSocket(238) connection to 10.101.10.236:1234
[23:32:40:326] NPCIConnector.run(82) npci socket connection status : true
[23:32:42:332] NPCIConnector.receive(206) unexpected socket break
[23:32:42:332] NPCIConnector.run(93) continue to main either sockbreak
[23:32:42:333] NPCIConnector.initSocket(238) connection to 10.101.10.236:1234
[23:32:42:333] NPCIConnector.run(82) npci socket connection status : true
[23:33:04:926] NPCIConnector.run(78) {
  "acquirerId": "607742",
  "bankName": "SWIFTCOREPAYMENT",
  "isAcquirer": true,
  "isIssuer": true,
  "acquiringIp": "10.100.10.141",
  "acquiringPort": 6789,
  "cbsIp": "10.101.10.236",
  "cbsPort": 9200,
  "npciIp": "10.101.10.236",
  "npciPort": 1234,
  "dataSourceName": "SWIFTCOREPAYMENT",
  "offsetType": "IBM",
  "isActive": false
}
[23:33:05:017] NPCIConnector.initSocket(238) connection to 10.101.10.236:1234
[23:33:05:018] NPCIConnector.run(82) npci socket connection status : true
[23:33:10:213] NPCIConnector.run(98) message from npci : 3038313082200000020000000400000000000000303532343233333331303930393933313030303031
[23:33:10:214] NPCIConnector.run(102) message from npci : 
-----------------------------------------------------------------------------------------------------------------------
|000 : '0810'                                              |007 : '0524233310'                                        |
|011 : '909931'                                            |039 : '00'                                                |
|070 : '001'                                               |                                                          |
-----------------------------------------------------------------------------------------------------------------------

[23:33:10:214] NPCIConnector.run(141) false
[23:33:15:245] NPCIConnector.run(98) message from npci : 3038313082200000020000000400000000000000303532343233333331353131323834363030333031
[23:33:15:245] NPCIConnector.run(102) message from npci : 
-----------------------------------------------------------------------------------------------------------------------
|000 : '0810'                                              |007 : '0524233315'                                        |
|011 : '112846'                                            |039 : '00'                                                |
|070 : '301'                                               |                                                          |
-----------------------------------------------------------------------------------------------------------------------

[23:33:15:245] NPCIConnector.run(141) false
[23:34:05:249] NPCIConnector.run(98) message from npci : 3038313082200000020000000400000000000000303532343233333430353533343939353030333031
[23:34:05:250] NPCIConnector.run(102) message from npci : 
-----------------------------------------------------------------------------------------------------------------------
|000 : '0810'                                              |007 : '0524233405'                                        |
|011 : '534995'                                            |039 : '00'                                                |
|070 : '301'                                               |                                                          |
-----------------------------------------------------------------------------------------------------------------------

[23:34:05:250] NPCIConnector.run(141) false
[23:36:03:969] NPCIConnector.run(78) {
  "acquirerId": "607742",
  "bankName": "SWIFTCOREPAYMENT",
  "isAcquirer": true,
  "isIssuer": true,
  "acquiringIp": "10.100.10.141",
  "acquiringPort": 6789,
  "cbsIp": "10.101.10.236",
  "cbsPort": 9200,
  "npciIp": "10.101.10.236",
  "npciPort": 1234,
  "dataSourceName": "SWIFTCOREPAYMENT",
  "offsetType": "IBM",
  "isActive": false
}
[23:36:04:083] NPCIConnector.initSocket(238) connection to 10.101.10.236:1234
[23:36:04:084] NPCIConnector.run(82) npci socket connection status : true
[23:36:09:172] NPCIConnector.run(98) message from npci : 3038313082200000020000000400000000000000303532343233333630393839323730394349303031
[23:36:09:173] NPCIConnector.run(102) message from npci : 
-----------------------------------------------------------------------------------------------------------------------
|000 : '0810'                                              |007 : '0524233609'                                        |
|011 : '892709'                                            |039 : 'CI'                                                |
|070 : '001'                                               |                                                          |
-----------------------------------------------------------------------------------------------------------------------

[23:36:09:173] NPCIConnector.run(141) false
[23:36:19:169] NPCIConnector.run(98) message from npci : 3038313082200000020000000400000000000000303532343233333631393339323731304349303031
[23:36:19:169] NPCIConnector.run(102) message from npci : 
-----------------------------------------------------------------------------------------------------------------------
|000 : '0810'                                              |007 : '0524233619'                                        |
|011 : '392710'                                            |039 : 'CI'                                                |
|070 : '001'                                               |                                                          |
-----------------------------------------------------------------------------------------------------------------------

[23:36:19:169] NPCIConnector.run(141) false
[23:36:29:169] NPCIConnector.run(98) message from npci : 3038313082200000020000000400000000000000303532343233333632393139323032334349303031
[23:36:29:169] NPCIConnector.run(102) message from npci : 
-----------------------------------------------------------------------------------------------------------------------
|000 : '0810'                                              |007 : '0524233629'                                        |
|011 : '192023'                                            |039 : 'CI'                                                |
|070 : '001'                                               |                                                          |
-----------------------------------------------------------------------------------------------------------------------

[23:36:29:169] NPCIConnector.run(141) false
[23:36:39:164] NPCIConnector.run(98) message from npci : 3038313082200000020000000400000000000000303532343233333633393134393339394349303031
[23:36:39:165] NPCIConnector.run(102) message from npci : 
-----------------------------------------------------------------------------------------------------------------------
|000 : '0810'                                              |007 : '0524233639'                                        |
|011 : '149399'                                            |039 : 'CI'                                                |
|070 : '001'                                               |                                                          |
-----------------------------------------------------------------------------------------------------------------------

[23:36:39:165] NPCIConnector.run(141) false
[23:36:49:253] NPCIConnector.run(98) message from npci : 3038313082200000020000000400000000000000303532343233333634393337303839314349303031
[23:36:49:259] NPCIConnector.run(102) message from npci : 
-----------------------------------------------------------------------------------------------------------------------
|000 : '0810'                                              |007 : '0524233649'                                        |
|011 : '370891'                                            |039 : 'CI'                                                |
|070 : '001'                                               |                                                          |
-----------------------------------------------------------------------------------------------------------------------

[23:36:49:259] NPCIConnector.run(141) false
[23:36:59:166] NPCIConnector.run(98) message from npci : 3038313082200000020000000400000000000000303532343233333635393631373230394349303031
[23:36:59:166] NPCIConnector.run(102) message from npci : 
-----------------------------------------------------------------------------------------------------------------------
|000 : '0810'                                              |007 : '0524233659'                                        |
|011 : '617209'                                            |039 : 'CI'                                                |
|070 : '001'                                               |                                                          |
-----------------------------------------------------------------------------------------------------------------------

[23:36:59:166] NPCIConnector.run(141) false
[23:37:09:168] NPCIConnector.run(98) message from npci : 3038313082200000020000000400000000000000303532343233333730393937333237334349303031
[23:37:09:168] NPCIConnector.run(102) message from npci : 
-----------------------------------------------------------------------------------------------------------------------
|000 : '0810'                                              |007 : '0524233709'                                        |
|011 : '973273'                                            |039 : 'CI'                                                |
|070 : '001'                                               |                                                          |
-----------------------------------------------------------------------------------------------------------------------

[23:37:09:168] NPCIConnector.run(141) false
[23:37:19:167] NPCIConnector.run(98) message from npci : 3038313082200000020000000400000000000000303532343233333731393534333030394349303031
[23:37:19:167] NPCIConnector.run(102) message from npci : 
-----------------------------------------------------------------------------------------------------------------------
|000 : '0810'                                              |007 : '0524233719'                                        |
|011 : '543009'                                            |039 : 'CI'                                                |
|070 : '001'                                               |                                                          |
-----------------------------------------------------------------------------------------------------------------------

[23:37:19:167] NPCIConnector.run(141) false
[23:37:29:164] NPCIConnector.run(98) message from npci : 3038313082200000020000000400000000000000303532343233333732393037303335374349303031
[23:37:29:164] NPCIConnector.run(102) message from npci : 
-----------------------------------------------------------------------------------------------------------------------
|000 : '0810'                                              |007 : '0524233729'                                        |
|011 : '070357'                                            |039 : 'CI'                                                |
|070 : '001'                                               |                                                          |
-----------------------------------------------------------------------------------------------------------------------

[23:37:29:165] NPCIConnector.run(141) false
[23:37:39:167] NPCIConnector.run(98) message from npci : 3038313082200000020000000400000000000000303532343233333733393337363733354349303031
[23:37:39:167] NPCIConnector.run(102) message from npci : 
-----------------------------------------------------------------------------------------------------------------------
|000 : '0810'                                              |007 : '0524233739'                                        |
|011 : '376735'                                            |039 : 'CI'                                                |
|070 : '001'                                               |                                                          |
-----------------------------------------------------------------------------------------------------------------------

[23:37:39:167] NPCIConnector.run(141) false
[23:38:05:352] NPCIConnector.run(78) {
  "acquirerId": "607742",
  "bankName": "SWIFTCOREPAYMENT",
  "isAcquirer": true,
  "isIssuer": true,
  "acquiringIp": "10.100.10.141",
  "acquiringPort": 6789,
  "cbsIp": "10.101.10.236",
  "cbsPort": 9200,
  "npciIp": "10.101.10.236",
  "npciPort": 1234,
  "dataSourceName": "SWIFTCOREPAYMENT",
  "offsetType": "IBM",
  "isActive": false
}
[23:38:05:458] NPCIConnector.initSocket(238) connection to 10.101.10.236:1234
[23:38:05:458] NPCIConnector.run(82) npci socket connection status : true
[23:38:10:537] NPCIConnector.run(98) message from npci : 3038313082200000020000000400000000000000303532343233333831303035373339393030303031
[23:38:10:537] NPCIConnector.run(102) message from npci : 
-----------------------------------------------------------------------------------------------------------------------
|000 : '0810'                                              |007 : '0524233810'                                        |
|011 : '057399'                                            |039 : '00'                                                |
|070 : '001'                                               |                                                          |
-----------------------------------------------------------------------------------------------------------------------

[23:38:10:537] NPCIConnector.run(141) false
[23:38:15:585] NPCIConnector.run(98) message from npci : 3038313082200000020000000400000000000000303532343233333831353136303130304349333031
[23:38:15:585] NPCIConnector.run(102) message from npci : 
-----------------------------------------------------------------------------------------------------------------------
|000 : '0810'                                              |007 : '0524233815'                                        |
|011 : '160100'                                            |039 : 'CI'                                                |
|070 : '301'                                               |                                                          |
-----------------------------------------------------------------------------------------------------------------------

[23:38:15:585] NPCIConnector.run(141) false
[23:39:23:483] NPCIConnector.run(78) {
  "acquirerId": "607742",
  "bankName": "SWIFTCOREPAYMENT",
  "isAcquirer": true,
  "isIssuer": true,
  "acquiringIp": "10.100.10.141",
  "acquiringPort": 6789,
  "cbsIp": "10.101.10.236",
  "cbsPort": 9200,
  "npciIp": "10.101.10.236",
  "npciPort": 1234,
  "dataSourceName": "SWIFTCOREPAYMENT",
  "offsetType": "IBM",
  "isActive": false
}
[23:39:23:580] NPCIConnector.initSocket(238) connection to 10.101.10.236:1234
[23:39:23:581] NPCIConnector.run(82) npci socket connection status : true
[23:39:28:660] NPCIConnector.run(98) message from npci : 3038313082200000020000000400000000000000303532343233333932383738353730343030303031
[23:39:28:660] NPCIConnector.run(102) message from npci : 
-----------------------------------------------------------------------------------------------------------------------
|000 : '0810'                                              |007 : '0524233928'                                        |
|011 : '785704'                                            |039 : '00'                                                |
|070 : '001'                                               |                                                          |
-----------------------------------------------------------------------------------------------------------------------

[23:39:28:660] NPCIConnector.run(141) false
[23:39:33:697] NPCIConnector.run(98) message from npci : 3038313082200000020000000400000000000000303532343233333933333131333035313030333031
[23:39:33:697] NPCIConnector.run(102) message from npci : 
-----------------------------------------------------------------------------------------------------------------------
|000 : '0810'                                              |007 : '0524233933'                                        |
|011 : '113051'                                            |039 : '00'                                                |
|070 : '301'                                               |                                                          |
-----------------------------------------------------------------------------------------------------------------------

[23:39:33:698] NPCIConnector.run(141) false
[23:40:23:698] NPCIConnector.run(98) message from npci : 3038313082200000020000000400000000000000303532343233343032333933353836313030333031
[23:40:23:698] NPCIConnector.run(102) message from npci : 
-----------------------------------------------------------------------------------------------------------------------
|000 : '0810'                                              |007 : '0524234023'                                        |
|011 : '935861'                                            |039 : '00'                                                |
|070 : '301'                                               |                                                          |
-----------------------------------------------------------------------------------------------------------------------

[23:40:23:698] NPCIConnector.run(141) false
[23:41:13:693] NPCIConnector.run(98) message from npci : 3038313082200000020000000400000000000000303532343233343131333535373633313030333031
[23:41:13:693] NPCIConnector.run(102) message from npci : 
-----------------------------------------------------------------------------------------------------------------------
|000 : '0810'                                              |007 : '0524234113'                                        |
|011 : '557631'                                            |039 : '00'                                                |
|070 : '301'                                               |                                                          |
-----------------------------------------------------------------------------------------------------------------------

[23:41:13:694] NPCIConnector.run(141) false
[23:42:03:700] NPCIConnector.run(98) message from npci : 3038313082200000020000000400000000000000303532343233343230333932313530333030333031
[23:42:03:700] NPCIConnector.run(102) message from npci : 
-----------------------------------------------------------------------------------------------------------------------
|000 : '0810'                                              |007 : '0524234203'                                        |
|011 : '921503'                                            |039 : '00'                                                |
|070 : '301'                                               |                                                          |
-----------------------------------------------------------------------------------------------------------------------

[23:42:03:700] NPCIConnector.run(141) false
[23:42:53:696] NPCIConnector.run(98) message from npci : 3038313082200000020000000400000000000000303532343233343235333631393537303030333031
[23:42:53:696] NPCIConnector.run(102) message from npci : 
-----------------------------------------------------------------------------------------------------------------------
|000 : '0810'                                              |007 : '0524234253'                                        |
|011 : '619570'                                            |039 : '00'                                                |
|070 : '301'                                               |                                                          |
-----------------------------------------------------------------------------------------------------------------------

[23:42:53:697] NPCIConnector.run(141) false
[23:43:43:696] NPCIConnector.run(98) message from npci : 3038313082200000020000000400000000000000303532343233343334333630353032393030333031
[23:43:43:696] NPCIConnector.run(102) message from npci : 
-----------------------------------------------------------------------------------------------------------------------
|000 : '0810'                                              |007 : '0524234343'                                        |
|011 : '605029'                                            |039 : '00'                                                |
|070 : '301'                                               |                                                          |
-----------------------------------------------------------------------------------------------------------------------

[23:43:43:696] NPCIConnector.run(141) false
[23:44:33:698] NPCIConnector.run(98) message from npci : 3038313082200000020000000400000000000000303532343233343433333831353938393030333031
[23:44:33:699] NPCIConnector.run(102) message from npci : 
-----------------------------------------------------------------------------------------------------------------------
|000 : '0810'                                              |007 : '0524234433'                                        |
|011 : '815989'                                            |039 : '00'                                                |
|070 : '301'                                               |                                                          |
-----------------------------------------------------------------------------------------------------------------------

[23:44:33:699] NPCIConnector.run(141) false
[23:45:23:695] NPCIConnector.run(98) message from npci : 3038313082200000020000000400000000000000303532343233343532333132353037393030333031
[23:45:23:695] NPCIConnector.run(102) message from npci : 
-----------------------------------------------------------------------------------------------------------------------
|000 : '0810'                                              |007 : '0524234523'                                        |
|011 : '125079'                                            |039 : '00'                                                |
|070 : '301'                                               |                                                          |
-----------------------------------------------------------------------------------------------------------------------

[23:45:23:696] NPCIConnector.run(141) false
[23:46:13:698] NPCIConnector.run(98) message from npci : 3038313082200000020000000400000000000000303532343233343631333134383533303030333031
[23:46:13:699] NPCIConnector.run(102) message from npci : 
-----------------------------------------------------------------------------------------------------------------------
|000 : '0810'                                              |007 : '0524234613'                                        |
|011 : '148530'                                            |039 : '00'                                                |
|070 : '301'                                               |                                                          |
-----------------------------------------------------------------------------------------------------------------------

[23:46:13:699] NPCIConnector.run(141) false
[23:47:03:694] NPCIConnector.run(98) message from npci : 3038313082200000020000000400000000000000303532343233343730333435343735363030333031
[23:47:03:695] NPCIConnector.run(102) message from npci : 
-----------------------------------------------------------------------------------------------------------------------
|000 : '0810'                                              |007 : '0524234703'                                        |
|011 : '454756'                                            |039 : '00'                                                |
|070 : '301'                                               |                                                          |
-----------------------------------------------------------------------------------------------------------------------

[23:47:03:695] NPCIConnector.run(141) false
[23:47:53:702] NPCIConnector.run(98) message from npci : 3038313082200000020000000400000000000000303532343233343735333238313035373030333031
[23:47:53:702] NPCIConnector.run(102) message from npci : 
-----------------------------------------------------------------------------------------------------------------------
|000 : '0810'                                              |007 : '0524234753'                                        |
|011 : '281057'                                            |039 : '00'                                                |
|070 : '301'                                               |                                                          |
-----------------------------------------------------------------------------------------------------------------------

[23:47:53:702] NPCIConnector.run(141) false
[23:48:04:684] NPCIConnector.run(78) {
  "acquirerId": "607742",
  "bankName": "SWIFTCOREPAYMENT",
  "isAcquirer": true,
  "isIssuer": true,
  "acquiringIp": "10.100.10.141",
  "acquiringPort": 6789,
  "cbsIp": "10.101.10.236",
  "cbsPort": 9200,
  "npciIp": "10.101.10.236",
  "npciPort": 1234,
  "dataSourceName": "SWIFTCOREPAYMENT",
  "offsetType": "IBM",
  "isActive": false
}
[23:48:04:748] NPCIConnector.initSocket(238) connection to 10.101.10.236:1234
[23:48:04:748] NPCIConnector.run(82) npci socket connection status : true
[23:48:09:829] NPCIConnector.run(98) message from npci : 3038313082200000020000000400000000000000303532343233343830393431383033364349303031
[23:48:09:829] NPCIConnector.run(102) message from npci : 
-----------------------------------------------------------------------------------------------------------------------
|000 : '0810'                                              |007 : '0524234809'                                        |
|011 : '418036'                                            |039 : 'CI'                                                |
|070 : '001'                                               |                                                          |
-----------------------------------------------------------------------------------------------------------------------

[23:48:09:829] NPCIConnector.run(141) false
[23:50:05:682] NPCIConnector.run(78) {
  "acquirerId": "607742",
  "bankName": "SWIFTCOREPAYMENT",
  "isAcquirer": true,
  "isIssuer": true,
  "acquiringIp": "10.100.10.141",
  "acquiringPort": 6789,
  "cbsIp": "10.101.10.236",
  "cbsPort": 9200,
  "npciIp": "10.101.10.236",
  "npciPort": 1234,
  "dataSourceName": "SWIFTCOREPAYMENT",
  "offsetType": "IBM",
  "isActive": false
}
[23:50:05:765] NPCIConnector.initSocket(238) connection to 10.101.10.236:1234
[23:50:05:766] NPCIConnector.run(82) npci socket connection status : true
[23:50:26:055] NPCIConnector.run(78) {
  "acquirerId": "607742",
  "bankName": "SWIFTCOREPAYMENT",
  "isAcquirer": true,
  "isIssuer": true,
  "acquiringIp": "10.100.10.141",
  "acquiringPort": 6789,
  "cbsIp": "10.101.10.236",
  "cbsPort": 9200,
  "npciIp": "10.101.10.236",
  "npciPort": 1234,
  "dataSourceName": "SWIFTCOREPAYMENT",
  "offsetType": "IBM",
  "isActive": false
}
[23:50:26:165] NPCIConnector.initSocket(238) connection to 10.101.10.236:1234
[23:50:26:166] NPCIConnector.run(82) npci socket connection status : true
[23:53:05:123] NPCIConnector.run(78) {
  "acquirerId": "607742",
  "bankName": "SWIFTCOREPAYMENT",
  "isAcquirer": true,
  "isIssuer": true,
  "acquiringIp": "10.100.10.141",
  "acquiringPort": 6789,
  "cbsIp": "10.101.10.236",
  "cbsPort": 9200,
  "npciIp": "10.101.10.236",
  "npciPort": 1234,
  "dataSourceName": "SWIFTCOREPAYMENT",
  "offsetType": "IBM",
  "isActive": false
}
[23:53:05:208] NPCIConnector.initSocket(238) connection to 10.101.10.236:1234
[23:53:05:208] NPCIConnector.run(82) npci socket connection status : true
[23:54:31:499] NPCIConnector.run(78) {
  "acquirerId": "607742",
  "bankName": "SWIFTCOREPAYMENT",
  "isAcquirer": true,
  "isIssuer": true,
  "acquiringIp": "10.100.10.141",
  "acquiringPort": 6789,
  "cbsIp": "10.101.10.236",
  "cbsPort": 9200,
  "npciIp": "10.101.10.236",
  "npciPort": 1234,
  "dataSourceName": "SWIFTCOREPAYMENT",
  "offsetType": "IBM",
  "isActive": false
}
[23:54:31:570] NPCIConnector.initSocket(238) connection to 10.101.10.236:1234
[23:54:31:571] NPCIConnector.run(82) npci socket connection status : true
[23:55:00:965] NPCIConnector.run(78) {
  "acquirerId": "607742",
  "bankName": "SWIFTCOREPAYMENT",
  "isAcquirer": true,
  "isIssuer": true,
  "acquiringIp": "10.100.10.141",
  "acquiringPort": 6789,
  "cbsIp": "10.101.10.236",
  "cbsPort": 9200,
  "npciIp": "10.101.10.236",
  "npciPort": 1234,
  "dataSourceName": "SWIFTCOREPAYMENT",
  "offsetType": "IBM",
  "isActive": false
}
[23:55:01:082] NPCIConnector.initSocket(238) connection to 10.101.10.236:1234
[23:55:01:082] NPCIConnector.run(82) npci socket connection status : true
[23:56:26:282] NPCIConnector.run(78) {
  "acquirerId": "607742",
  "bankName": "SWIFTCOREPAYMENT",
  "isAcquirer": true,
  "isIssuer": true,
  "acquiringIp": "10.100.10.141",
  "acquiringPort": 6789,
  "cbsIp": "10.101.10.236",
  "cbsPort": 9200,
  "npciIp": "10.101.10.236",
  "npciPort": 1234,
  "dataSourceName": "SWIFTCOREPAYMENT",
  "offsetType": "IBM",
  "isActive": false
}
[23:56:26:356] NPCIConnector.initSocket(238) connection to 10.101.10.236:1234
[23:56:26:357] NPCIConnector.run(82) npci socket connection status : true
[23:56:55:231] NPCIConnector.run(78) {
  "acquirerId": "607742",
  "bankName": "SWIFTCOREPAYMENT",
  "isAcquirer": true,
  "isIssuer": true,
  "acquiringIp": "10.100.10.141",
  "acquiringPort": 6789,
  "cbsIp": "10.101.10.236",
  "cbsPort": 9200,
  "npciIp": "10.101.10.236",
  "npciPort": 1234,
  "dataSourceName": "SWIFTCOREPAYMENT",
  "offsetType": "IBM",
  "isActive": false
}
[23:56:55:344] NPCIConnector.initSocket(238) connection to 10.101.10.236:1234
[23:56:55:345] NPCIConnector.run(82) npci socket connection status : true
