[23:18:59:943] IssuerTransaction.run(48) issuer class name : com.sil.npci.issuer.FullMagstripePurchase
[23:18:59:944] IssuerTransaction.run(50) issuerRequest : 
-----------------------------------------------------------------------------------------------------------------------
|000 : '0200'                                              |002 : '6077990020000011'                                  |
|003 : '000000'                                            |004 : '000000060000'                                      |
|007 : '0531174859'                                        |011 : '000004'                                            |
|012 : '231859'                                            |013 : '0531'                                              |
|018 : '5999'                                              |019 : '356'                                               |
|022 : '901'                                               |025 : '00'                                                |
|032 : '720001'                                            |035 : '6077990020000011=20052056500000000'                |
|037 : '815123000004'                                      |040 : '205'                                               |
|041 : 'TEST1234'                                          |042 : 'TEST12345678901'                                   |
|043 : 'RUPAY TEST SIMULATOR   MUMBAI       MHIN'          |048 : '051005POS0105800500030'                            |
|049 : '356'                                               |052 : '82479F9707525350'                                  |
|061 : '420012220039000452012AVENUE SUPERMART IND'         |                                                          |
-----------------------------------------------------------------------------------------------------------------------

[23:18:59:945] IssuerTransaction.run(53) 
-----------------------------------------------------------------------------------------------------------------------
|000 : '0200'                                              |002 : '6077990020000011'                                  |
|003 : '000000'                                            |004 : '000000060000'                                      |
|007 : '0531174859'                                        |011 : '000004'                                            |
|012 : '231859'                                            |013 : '0531'                                              |
|019 : '356'                                               |032 : '720001'                                            |
|037 : '815123000004'                                      |041 : 'TEST1234'                                          |
|049 : '356'                                               |102 : '0002SB    00079250'                                |
-----------------------------------------------------------------------------------------------------------------------

[23:19:00:948] SILCBSConnector.send(40) null or invalid cbs response : Connection refused: connect
[23:19:00:948] IssuerTransaction.run(55) cbs response : null
[23:19:00:972] IssuerTransaction.run(59) issuerResponse : 009C30323130F23820010A81800000000000040000003136363037373939303032303030303031313030303030303030303030303036303030303035333131373438353930303030303432333138353930353331333536303637323030303138313531323330303030303439315445535431323334303138303531303035504F5330313035343030314D3335363135313233343536373839313233343536
[23:19:00:973] IssuerTransaction.run(63) issuerResponse : 
-----------------------------------------------------------------------------------------------------------------------
|000 : '0210'                                              |002 : '6077990020000011'                                  |
|003 : '000000'                                            |004 : '000000060000'                                      |
|007 : '0531174859'                                        |011 : '000004'                                            |
|012 : '231859'                                            |013 : '0531'                                              |
|019 : '356'                                               |032 : '720001'                                            |
|037 : '815123000004'                                      |039 : '91'                                                |
|041 : 'TEST1234'                                          |048 : '051005POS01054001M'                                |
|049 : '356'                                               |102 : '123456789123456'                                   |
-----------------------------------------------------------------------------------------------------------------------

[23:19:00:974] IssuerTransaction.run(64) transaction completed successfully.
