[23:24:49:931] IssuerTransaction.run(48) issuer class name : com.sil.npci.issuer.FullMagstripePurchase
[23:24:49:931] IssuerTransaction.run(50) issuerRequest : 
-----------------------------------------------------------------------------------------------------------------------
|000 : '0200'                                              |002 : '6077990020000011'                                  |
|003 : '000000'                                            |004 : '000000060000'                                      |
|007 : '0531175449'                                        |011 : '000007'                                            |
|012 : '232449'                                            |013 : '0531'                                              |
|018 : '5999'                                              |019 : '356'                                               |
|022 : '901'                                               |025 : '00'                                                |
|032 : '720001'                                            |035 : '6077990020000011=20052056500000000'                |
|037 : '815123000007'                                      |040 : '205'                                               |
|041 : 'TEST1234'                                          |042 : 'TEST12345678901'                                   |
|043 : 'RUPAY TEST SIMULATOR   MUMBAI       MHIN'          |048 : '051005POS0105800500030'                            |
|049 : '356'                                               |052 : '82479F9707525350'                                  |
|061 : '420012220039000452012AVENUE SUPERMART IND'         |                                                          |
-----------------------------------------------------------------------------------------------------------------------

[23:24:49:932] IssuerTransaction.run(53) 
-----------------------------------------------------------------------------------------------------------------------
|000 : '0200'                                              |002 : '6077990020000011'                                  |
|003 : '000000'                                            |004 : '000000060000'                                      |
|011 : '000007'                                            |012 : '232449'                                            |
|013 : '0531'                                              |019 : '356'                                               |
|032 : '720001'                                            |037 : '815123000007'                                      |
|041 : 'TEST1234'                                          |049 : '356'                                               |
|102 : '0002SB    00079250'                                |                                                          |
-----------------------------------------------------------------------------------------------------------------------

[23:24:49:940] SILCBSConnector.send(26) cbs request : 30313530303230304630333832303031303838303830303030303030303030303034303030303030313636303737393930303230303030303131303030303030303030303030303630303030303030303037323332343439303533313335363036373230303031383135313233303030303037544553543132333420202020202020203335363138303030325342202020203030303739323530
[23:25:17:946] SILCBSConnector.send(36) cbs response : 303231304630333832303031304538303834303030303030303030303034303030303030313636303737393930303230303030303131303030303030303030303030303630303030303030303037323332343439303533313335363036373230303031383135313233303030303037303032393231303054455354313233342020202020202020333536303430313030313335364330303030393438353337363031303032333536433030303039343835333736303138303030325342202020203030303739323530
[23:25:17:948] IssuerTransaction.run(55) cbs response : 
-----------------------------------------------------------------------------------------------------------------------
|000 : '0210'                                              |002 : '6077990020000011'                                  |
|003 : '000000'                                            |004 : '000000060000'                                      |
|011 : '000007'                                            |012 : '232449'                                            |
|013 : '0531'                                              |019 : '356'                                               |
|032 : '720001'                                            |037 : '815123000007'                                      |
|038 : '002921'                                            |039 : '00'                                                |
|041 : 'TEST1234        '                                  |049 : '356'                                               |
|054 : '1001356C0000948537601002356C000094853760'          |102 : '0002SB    00079250'                                |
-----------------------------------------------------------------------------------------------------------------------

[23:25:17:951] IssuerTransaction.run(59) issuerResponse : 009830323130F03820010E818000000000000400000031363630373739393030323030303030313130303030303030303030303030363030303030303030303732333234343930353331333536303637323030303138313531323330303030303730303239323130305445535431323334303138303531303035504F5330313035343030314D3335363135313233343536373839313233343536
[23:25:17:952] IssuerTransaction.run(63) issuerResponse : 
-----------------------------------------------------------------------------------------------------------------------
|000 : '0210'                                              |002 : '6077990020000011'                                  |
|003 : '000000'                                            |004 : '000000060000'                                      |
|011 : '000007'                                            |012 : '232449'                                            |
|013 : '0531'                                              |019 : '356'                                               |
|032 : '720001'                                            |037 : '815123000007'                                      |
|038 : '002921'                                            |039 : '00'                                                |
|041 : 'TEST1234'                                          |048 : '051005POS01054001M'                                |
|049 : '356'                                               |102 : '123456789123456'                                   |
-----------------------------------------------------------------------------------------------------------------------

[23:25:17:952] IssuerTransaction.run(64) transaction completed successfully.
