[18:56:44:909] IssuerTransaction.run(48) issuer class name : com.sil.npci.issuer.FullMagstripePurchase
[18:56:44:909] IssuerTransaction.run(50) issuerRequest : 
-----------------------------------------------------------------------------------------------------------------------
|000 : '0200'                                              |002 : '6077990020000011'                                  |
|003 : '000000'                                            |004 : '000000060000'                                      |
|007 : '0508132644'                                        |011 : '000003'                                            |
|012 : '185644'                                            |013 : '0508'                                              |
|018 : '5999'                                              |019 : '356'                                               |
|022 : '901'                                               |025 : '00'                                                |
|032 : '720001'                                            |035 : '6077990020000011=20052056500000000'                |
|037 : '812818000003'                                      |040 : '205'                                               |
|041 : 'TEST1234'                                          |042 : 'TEST12345678901'                                   |
|043 : 'RUPAY TEST SIMULATOR   MUMBAI       MHIN'          |048 : '051005POS0105800500030'                            |
|049 : '356'                                               |052 : '82479F9707525350'                                  |
|061 : '420012220039000452012AVENUE SUPERMART IND'         |                                                          |
-----------------------------------------------------------------------------------------------------------------------

[18:56:44:909] IssuerTransaction.run(53) 
-----------------------------------------------------------------------------------------------------------------------
|000 : '0200'                                              |002 : '6077990020000011'                                  |
|003 : '000000'                                            |004 : '000000060000'                                      |
|007 : '0508132644'                                        |011 : '000003'                                            |
|012 : '185644'                                            |013 : '0508'                                              |
|019 : '356'                                               |032 : '720001'                                            |
|037 : '812818000003'                                      |041 : 'TEST1234'                                          |
|049 : '356'                                               |102 : '0002SB    00079250'                                |
-----------------------------------------------------------------------------------------------------------------------

[18:56:44:909] SILCBSConnector.send(26) cbs request : 3031363030323030463233383230303130383830383030303030303030303030303430303030303031363630373739393030323030303030313130303030303030303030303030363030303030353038313332363434303030303033313835363434303530383335363036373230303031383132383138303030303033544553543132333420202020202020203335363138303030325342202020203030303739323530
[18:56:49:691] SILCBSConnector.send(36) cbs response : 30323130463233383230303130453830383430303030303030303030303430303030303031363630373739393030323030303030313130303030303030303030303030363030303030353038313332363434303030303033313835363434303530383335363036373230303031383132383138303030303033303032393133303054455354313233342020202020202020333536303430313030313335364330303030393530393337363031303032333536433030303039353039333736303138303030325342202020203030303739323530
[18:56:49:701] IssuerTransaction.run(55) cbs response : 
-----------------------------------------------------------------------------------------------------------------------
|000 : '0210'                                              |002 : '6077990020000011'                                  |
|003 : '000000'                                            |004 : '000000060000'                                      |
|007 : '0508132644'                                        |011 : '000003'                                            |
|012 : '185644'                                            |013 : '0508'                                              |
|019 : '356'                                               |032 : '720001'                                            |
|037 : '812818000003'                                      |038 : '002913'                                            |
|039 : '00'                                                |041 : 'TEST1234        '                                  |
|049 : '356'                                               |054 : '1001356C0000950937601002356C000095093760'          |
|102 : '0002SB    00079250'                                |                                                          |
-----------------------------------------------------------------------------------------------------------------------

[18:56:49:702] IssuerTransaction.run(59) issuerResponse : 00A230323130F23820010E81800000000000040000003136363037373939303032303030303031313030303030303030303030303036303030303035303831333236343430303030303331383536343430353038333536303637323030303138313238313830303030303330303239313330305445535431323334303138303531303035504F5330313035343030314D3335363135313233343536373839313233343536
[18:56:49:702] IssuerTransaction.run(63) issuerResponse : 
-----------------------------------------------------------------------------------------------------------------------
|000 : '0210'                                              |002 : '6077990020000011'                                  |
|003 : '000000'                                            |004 : '000000060000'                                      |
|007 : '0508132644'                                        |011 : '000003'                                            |
|012 : '185644'                                            |013 : '0508'                                              |
|019 : '356'                                               |032 : '720001'                                            |
|037 : '812818000003'                                      |038 : '002913'                                            |
|039 : '00'                                                |041 : 'TEST1234'                                          |
|048 : '051005POS01054001M'                                |049 : '356'                                               |
|102 : '123456789123456'                                   |                                                          |
-----------------------------------------------------------------------------------------------------------------------

[18:56:49:702] IssuerTransaction.run(64) transaction completed successfully.
