[16:32:27:668] NPCIConnector.run(78) {
  "acquirerId": "607742",
  "bankName": "SWIFTCOREPAYMENT",
  "isAcquirer": true,
  "isIssuer": true,
  "acquiringIp": "10.100.10.141",
  "acquiringPort": 6789,
  "cbsIp": "10.101.10.236",
  "cbsPort": 9200,
  "npciIp": "10.101.10.236",
  "npciPort": 1234,
  "dataSourceName": "SWIFTCOREPAYMENT",
  "offsetType": "IBM",
  "isActive": false
}
[16:32:27:728] NPCIConnector.initSocket(238) connection to 10.101.10.236:1234
[16:32:27:729] NPCIConnector.run(82) npci socket connection status : true
[16:32:33:191] NPCIConnector.run(98) message from npci : 3038313082200000020000000400000000000000303530383136333233323835333238313030303031
[16:32:33:191] NPCIConnector.run(102) message from npci : 
-----------------------------------------------------------------------------------------------------------------------
|000 : '0810'                                              |007 : '0508163232'                                        |
|011 : '853281'                                            |039 : '00'                                                |
|070 : '001'                                               |                                                          |
-----------------------------------------------------------------------------------------------------------------------

[16:32:33:191] NPCIConnector.run(141) false
[16:32:38:448] NPCIConnector.run(98) message from npci : 3038313082200000020000000400000000000000303530383136333233383434343439364349333031
[16:32:38:448] NPCIConnector.run(102) message from npci : 
-----------------------------------------------------------------------------------------------------------------------
|000 : '0810'                                              |007 : '0508163238'                                        |
|011 : '444496'                                            |039 : 'CI'                                                |
|070 : '301'                                               |                                                          |
-----------------------------------------------------------------------------------------------------------------------

[16:32:38:448] NPCIConnector.run(141) false
[16:33:28:455] NPCIConnector.run(98) message from npci : 3038313082200000020000000400000000000000303530383136333332383832383232354349333031
[16:33:28:455] NPCIConnector.run(102) message from npci : 
-----------------------------------------------------------------------------------------------------------------------
|000 : '0810'                                              |007 : '0508163328'                                        |
|011 : '828225'                                            |039 : 'CI'                                                |
|070 : '301'                                               |                                                          |
-----------------------------------------------------------------------------------------------------------------------

[16:33:28:455] NPCIConnector.run(141) false
[16:34:32:483] NPCIConnector.run(78) {
  "acquirerId": "607742",
  "bankName": "SWIFTCOREPAYMENT",
  "isAcquirer": true,
  "isIssuer": true,
  "acquiringIp": "10.100.10.141",
  "acquiringPort": 6789,
  "cbsIp": "10.101.10.236",
  "cbsPort": 9200,
  "npciIp": "10.101.10.236",
  "npciPort": 1234,
  "dataSourceName": "SWIFTCOREPAYMENT",
  "offsetType": "IBM",
  "isActive": false
}
[16:34:32:554] NPCIConnector.initSocket(238) connection to 10.101.10.236:1234
[16:34:32:554] NPCIConnector.run(82) npci socket connection status : true
[18:55:57:028] NPCIConnector.run(78) {
  "acquirerId": "607742",
  "bankName": "SWIFTCOREPAYMENT",
  "isAcquirer": true,
  "isIssuer": true,
  "acquiringIp": "10.100.10.141",
  "acquiringPort": 6789,
  "cbsIp": "10.101.10.236",
  "cbsPort": 9200,
  "npciIp": "10.101.10.236",
  "npciPort": 1234,
  "dataSourceName": "SWIFTCOREPAYMENT",
  "offsetType": "IBM",
  "isActive": false
}
[18:55:57:090] NPCIConnector.initSocket(238) connection to 10.101.10.236:1234
[18:55:57:091] NPCIConnector.run(82) npci socket connection status : true
[18:56:02:527] NPCIConnector.run(98) message from npci : 3038313082200000020000000400000000000000303530383138353630323635393731373030303031
[18:56:02:527] NPCIConnector.run(102) message from npci : 
-----------------------------------------------------------------------------------------------------------------------
|000 : '0810'                                              |007 : '0508185602'                                        |
|011 : '659717'                                            |039 : '00'                                                |
|070 : '001'                                               |                                                          |
-----------------------------------------------------------------------------------------------------------------------

[18:56:02:527] NPCIConnector.run(141) false
[18:56:07:762] NPCIConnector.run(98) message from npci : 3038313082200000020000000400000000000000303530383138353630373732363238343030333031
[18:56:07:763] NPCIConnector.run(102) message from npci : 
-----------------------------------------------------------------------------------------------------------------------
|000 : '0810'                                              |007 : '0508185607'                                        |
|011 : '726284'                                            |039 : '00'                                                |
|070 : '301'                                               |                                                          |
-----------------------------------------------------------------------------------------------------------------------

[18:56:07:763] NPCIConnector.run(141) false
[18:56:44:895] NPCIConnector.run(98) message from npci : 303230307238648129E19008313636303737393930303230303030303131303030303030303030303030303630303030303530383133323634343030303030333138353634343035303835393939333536393031303030363732303030313334363037373939303032303030303031313D32303035323035363530303030303030303831323831383030303030333230355445535431323334544553543132333435363738393031525550415920544553542053494D554C41544F522020204D554D424149202020202020204D48494E303232303531303035504F5330313035383030353030303330333536383234373946393730373532353335303034313432303031323232303033393030303435323031324156454E55452053555045524D41525420494E44
[18:56:44:895] NPCIConnector.run(102) message from npci : 
-----------------------------------------------------------------------------------------------------------------------
|000 : '0200'                                              |002 : '6077990020000011'                                  |
|003 : '000000'                                            |004 : '000000060000'                                      |
|007 : '0508132644'                                        |011 : '000003'                                            |
|012 : '185644'                                            |013 : '0508'                                              |
|018 : '5999'                                              |019 : '356'                                               |
|022 : '901'                                               |025 : '00'                                                |
|032 : '720001'                                            |035 : '6077990020000011=20052056500000000'                |
|037 : '812818000003'                                      |040 : '205'                                               |
|041 : 'TEST1234'                                          |042 : 'TEST12345678901'                                   |
|043 : 'RUPAY TEST SIMULATOR   MUMBAI       MHIN'          |048 : '051005POS0105800500030'                            |
|049 : '356'                                               |052 : '82479F9707525350'                                  |
|061 : '420012220039000452012AVENUE SUPERMART IND'         |                                                          |
-----------------------------------------------------------------------------------------------------------------------

[20:34:17:720] NPCIConnector.run(78) {
  "acquirerId": "607742",
  "bankName": "SWIFTCOREPAYMENT",
  "isAcquirer": true,
  "isIssuer": true,
  "acquiringIp": "10.100.10.141",
  "acquiringPort": 6789,
  "cbsIp": "10.101.10.236",
  "cbsPort": 9200,
  "npciIp": "10.101.10.236",
  "npciPort": 1234,
  "dataSourceName": "SWIFTCOREPAYMENT",
  "offsetType": "IBM",
  "isActive": false
}
[20:34:17:788] NPCIConnector.initSocket(238) connection to 10.101.10.236:1234
[20:34:17:789] NPCIConnector.run(82) npci socket connection status : true
[20:47:48:582] NPCIConnector.run(78) {
  "acquirerId": "607742",
  "bankName": "SWIFTCOREPAYMENT",
  "isAcquirer": true,
  "isIssuer": true,
  "acquiringIp": "10.100.10.141",
  "acquiringPort": 6789,
  "cbsIp": "10.101.10.236",
  "cbsPort": 9200,
  "npciIp": "10.101.10.236",
  "npciPort": 1234,
  "dataSourceName": "SWIFTCOREPAYMENT",
  "offsetType": "IBM",
  "isActive": false
}
[20:47:48:644] NPCIConnector.initSocket(238) connection to 10.101.10.236:1234
[20:47:48:644] NPCIConnector.run(82) npci socket connection status : true
[21:10:08:226] NPCIConnector.run(78) {
  "acquirerId": "607742",
  "bankName": "SWIFTCOREPAYMENT",
  "isAcquirer": true,
  "isIssuer": true,
  "acquiringIp": "10.100.10.141",
  "acquiringPort": 6789,
  "cbsIp": "10.101.10.236",
  "cbsPort": 9200,
  "npciIp": "10.101.10.236",
  "npciPort": 1234,
  "dataSourceName": "SWIFTCOREPAYMENT",
  "offsetType": "IBM",
  "isActive": false
}
[21:10:08:303] NPCIConnector.initSocket(238) connection to 10.101.10.236:1234
[21:10:08:304] NPCIConnector.run(82) npci socket connection status : true
[21:10:13:584] NPCIConnector.run(98) message from npci : 3038313082200000020000000400000000000000303530383231313031333232373431364349303031
[21:10:13:584] NPCIConnector.run(102) message from npci : 
-----------------------------------------------------------------------------------------------------------------------
|000 : '0810'                                              |007 : '0508211013'                                        |
|011 : '227416'                                            |039 : 'CI'                                                |
|070 : '001'                                               |                                                          |
-----------------------------------------------------------------------------------------------------------------------

[21:10:13:585] NPCIConnector.run(141) false
[21:16:30:426] NPCIConnector.run(78) {
  "acquirerId": "607742",
  "bankName": "SWIFTCOREPAYMENT",
  "isAcquirer": true,
  "isIssuer": true,
  "acquiringIp": "10.100.10.141",
  "acquiringPort": 6789,
  "cbsIp": "10.101.10.236",
  "cbsPort": 9200,
  "npciIp": "10.101.10.236",
  "npciPort": 1234,
  "dataSourceName": "SWIFTCOREPAYMENT",
  "offsetType": "IBM",
  "isActive": false
}
[21:16:30:493] NPCIConnector.initSocket(238) connection to 10.101.10.236:1234
[21:16:30:494] NPCIConnector.run(82) npci socket connection status : true
[21:21:26:328] NPCIConnector.run(78) {
  "acquirerId": "607742",
  "bankName": "SWIFTCOREPAYMENT",
  "isAcquirer": true,
  "isIssuer": true,
  "acquiringIp": "10.100.10.141",
  "acquiringPort": 6789,
  "cbsIp": "10.101.10.236",
  "cbsPort": 9200,
  "npciIp": "10.101.10.236",
  "npciPort": 1234,
  "dataSourceName": "SWIFTCOREPAYMENT",
  "offsetType": "IBM",
  "isActive": false
}
[21:21:26:383] NPCIConnector.initSocket(238) connection to 10.101.10.236:1234
[21:21:26:384] NPCIConnector.run(82) npci socket connection status : true
[21:21:35:743] NPCIConnector.run(98) message from npci : 3038313082200000020000000400000000000000303530383231323133313137323530304349303031
[21:21:35:743] NPCIConnector.run(102) message from npci : 
-----------------------------------------------------------------------------------------------------------------------
|000 : '0810'                                              |007 : '0508212131'                                        |
|011 : '172500'                                            |039 : 'CI'                                                |
|070 : '001'                                               |                                                          |
-----------------------------------------------------------------------------------------------------------------------

[21:21:35:743] NPCIConnector.run(141) false
[21:25:17:670] NPCIConnector.run(78) {
  "acquirerId": "607742",
  "bankName": "SWIFTCOREPAYMENT",
  "isAcquirer": true,
  "isIssuer": true,
  "acquiringIp": "10.100.10.141",
  "acquiringPort": 6789,
  "cbsIp": "10.101.10.236",
  "cbsPort": 9200,
  "npciIp": "10.101.10.236",
  "npciPort": 1234,
  "dataSourceName": "SWIFTCOREPAYMENT",
  "offsetType": "IBM",
  "isActive": false
}
[21:25:17:724] NPCIConnector.initSocket(238) connection to 10.101.10.236:1234
[21:25:17:725] NPCIConnector.run(82) npci socket connection status : true
[21:25:23:000] NPCIConnector.run(98) message from npci : 3038313082200000020000000400000000000000303530383231323532323234383738354349303031
[21:25:23:000] NPCIConnector.run(102) message from npci : 
-----------------------------------------------------------------------------------------------------------------------
|000 : '0810'                                              |007 : '0508212522'                                        |
|011 : '248785'                                            |039 : 'CI'                                                |
|070 : '001'                                               |                                                          |
-----------------------------------------------------------------------------------------------------------------------

[21:25:23:001] NPCIConnector.run(141) false
