[21:04:06:932] NPCIConnector.run(78) {
  "acquirerId": "607742",
  "bankName": "SWIFTCOREPAYMENT",
  "isAcquirer": true,
  "isIssuer": true,
  "acquiringIp": "10.100.10.141",
  "acquiringPort": 6789,
  "cbsIp": "10.101.10.236",
  "cbsPort": 9200,
  "npciIp": "10.101.10.236",
  "npciPort": 1234,
  "dataSourceName": "SWIFTCOREPAYMENT",
  "offsetType": "IBM",
  "isActive": false
}
[21:04:06:991] NPCIConnector.initSocket(238) connection to 10.101.10.236:1234
[21:04:06:991] NPCIConnector.run(82) npci socket connection status : true
[21:04:22:301] NPCIConnector.run(98) message from npci : 3038313082200000020000000400000000000000303530373231303432323039303139313030303031
[21:04:22:301] NPCIConnector.run(102) message from npci : 
-----------------------------------------------------------------------------------------------------------------------
|000 : '0810'                                              |007 : '0507210422'                                        |
|011 : '090191'                                            |039 : '00'                                                |
|070 : '001'                                               |                                                          |
-----------------------------------------------------------------------------------------------------------------------

[21:04:22:302] NPCIConnector.run(141) false
[21:04:27:556] NPCIConnector.run(98) message from npci : 3038313082200000020000000400000000000000303530373231303432373234373532363030333031
[21:04:27:556] NPCIConnector.run(102) message from npci : 
-----------------------------------------------------------------------------------------------------------------------
|000 : '0810'                                              |007 : '0507210427'                                        |
|011 : '247526'                                            |039 : '00'                                                |
|070 : '301'                                               |                                                          |
-----------------------------------------------------------------------------------------------------------------------

[21:04:27:556] NPCIConnector.run(141) false
[21:32:11:538] NPCIConnector.run(78) {
  "acquirerId": "607742",
  "bankName": "SWIFTCOREPAYMENT",
  "isAcquirer": true,
  "isIssuer": true,
  "acquiringIp": "10.100.10.141",
  "acquiringPort": 6789,
  "cbsIp": "10.101.10.236",
  "cbsPort": 9200,
  "npciIp": "10.101.10.236",
  "npciPort": 1234,
  "dataSourceName": "SWIFTCOREPAYMENT",
  "offsetType": "IBM",
  "isActive": false
}
[21:32:11:600] NPCIConnector.initSocket(238) connection to 10.101.10.236:1234
[21:32:11:610] NPCIConnector.run(82) npci socket connection status : true
[21:32:16:915] NPCIConnector.run(98) message from npci : 3038313082200000020000000400000000000000303530373231333231363337343734383030303031
[21:32:16:915] NPCIConnector.run(102) message from npci : 
-----------------------------------------------------------------------------------------------------------------------
|000 : '0810'                                              |007 : '0507213216'                                        |
|011 : '374748'                                            |039 : '00'                                                |
|070 : '001'                                               |                                                          |
-----------------------------------------------------------------------------------------------------------------------

[21:32:16:915] NPCIConnector.run(141) false
